<?xml version="1.0" encoding="UTF-8"?>
<testng-results skipped="3" failed="8" total="53" passed="42">
  <reporter-output>
  </reporter-output>
  <suite name="MicroProfile-Config-TCK" duration-ms="2485" started-at="2018-01-24T14:45:51Z" finished-at="2018-01-24T14:45:54Z">
    <groups>
    </groups>
    <test name="Microprofile Config TCK" duration-ms="2485" started-at="2018-01-24T14:45:51Z" finished-at="2018-01-24T14:45:54Z">
      <class name="org.eclipse.microprofile.config.tck.AutoDiscoveredConfigSourceTest">
        <test-method status="PASS" signature="arquillianBeforeClass()[pri:0, instance:org.eclipse.microprofile.config.tck.AutoDiscoveredConfigSourceTest@4d95d2a2]" name="arquillianBeforeClass" is-config="true" duration-ms="58" started-at="2018-01-24T16:45:53Z" finished-at="2018-01-24T16:45:53Z">
          <reporter-output>
          </reporter-output>
        </test-method> <!-- arquillianBeforeClass -->
        <test-method status="PASS" signature="arquillianBeforeTest(java.lang.reflect.Method)[pri:0, instance:org.eclipse.microprofile.config.tck.AutoDiscoveredConfigSourceTest@4d95d2a2]" name="arquillianBeforeTest" is-config="true" duration-ms="6" started-at="2018-01-24T16:45:53Z" finished-at="2018-01-24T16:45:53Z">
          <params>
            <param index="0">
              <value>
                <![CDATA[public void org.eclipse.microprofile.config.tck.AutoDiscoveredConfigSourceTest.testAutoDiscoveredConfigureSources()]]>
              </value>
            </param>
          </params>
          <reporter-output>
          </reporter-output>
        </test-method> <!-- arquillianBeforeTest -->
        <test-method status="PASS" signature="testAutoDiscoveredConfigureSources()[pri:0, instance:org.eclipse.microprofile.config.tck.AutoDiscoveredConfigSourceTest@4d95d2a2]" name="testAutoDiscoveredConfigureSources" duration-ms="10" started-at="2018-01-24T16:45:53Z" finished-at="2018-01-24T16:45:53Z">
          <reporter-output>
          </reporter-output>
        </test-method> <!-- testAutoDiscoveredConfigureSources -->
        <test-method status="PASS" signature="arquillianAfterTest(java.lang.reflect.Method)[pri:0, instance:org.eclipse.microprofile.config.tck.AutoDiscoveredConfigSourceTest@4d95d2a2]" name="arquillianAfterTest" is-config="true" duration-ms="1" started-at="2018-01-24T16:45:53Z" finished-at="2018-01-24T16:45:53Z">
          <params>
            <param index="0">
              <value>
                <![CDATA[public void org.eclipse.microprofile.config.tck.AutoDiscoveredConfigSourceTest.testAutoDiscoveredConfigureSources()]]>
              </value>
            </param>
          </params>
          <reporter-output>
          </reporter-output>
        </test-method> <!-- arquillianAfterTest -->
        <test-method status="PASS" signature="arquillianBeforeTest(java.lang.reflect.Method)[pri:0, instance:org.eclipse.microprofile.config.tck.AutoDiscoveredConfigSourceTest@4d95d2a2]" name="arquillianBeforeTest" is-config="true" duration-ms="2" started-at="2018-01-24T16:45:53Z" finished-at="2018-01-24T16:45:53Z">
          <params>
            <param index="0">
              <value>
                <![CDATA[public void org.eclipse.microprofile.config.tck.AutoDiscoveredConfigSourceTest.testAutoDiscoveredConverterManuallyAdded()]]>
              </value>
            </param>
          </params>
          <reporter-output>
          </reporter-output>
        </test-method> <!-- arquillianBeforeTest -->
        <test-method status="PASS" signature="testAutoDiscoveredConverterManuallyAdded()[pri:0, instance:org.eclipse.microprofile.config.tck.AutoDiscoveredConfigSourceTest@4d95d2a2]" name="testAutoDiscoveredConverterManuallyAdded" duration-ms="8" started-at="2018-01-24T16:45:53Z" finished-at="2018-01-24T16:45:53Z">
          <reporter-output>
          </reporter-output>
        </test-method> <!-- testAutoDiscoveredConverterManuallyAdded -->
        <test-method status="PASS" signature="arquillianAfterTest(java.lang.reflect.Method)[pri:0, instance:org.eclipse.microprofile.config.tck.AutoDiscoveredConfigSourceTest@4d95d2a2]" name="arquillianAfterTest" is-config="true" duration-ms="1" started-at="2018-01-24T16:45:53Z" finished-at="2018-01-24T16:45:53Z">
          <params>
            <param index="0">
              <value>
                <![CDATA[public void org.eclipse.microprofile.config.tck.AutoDiscoveredConfigSourceTest.testAutoDiscoveredConverterManuallyAdded()]]>
              </value>
            </param>
          </params>
          <reporter-output>
          </reporter-output>
        </test-method> <!-- arquillianAfterTest -->
        <test-method status="PASS" signature="arquillianBeforeTest(java.lang.reflect.Method)[pri:0, instance:org.eclipse.microprofile.config.tck.AutoDiscoveredConfigSourceTest@4d95d2a2]" name="arquillianBeforeTest" is-config="true" duration-ms="2" started-at="2018-01-24T16:45:53Z" finished-at="2018-01-24T16:45:53Z">
          <params>
            <param index="0">
              <value>
                <![CDATA[public void org.eclipse.microprofile.config.tck.AutoDiscoveredConfigSourceTest.testAutoDiscoveredConverterNotAddedAutomatically()]]>
              </value>
            </param>
          </params>
          <reporter-output>
          </reporter-output>
        </test-method> <!-- arquillianBeforeTest -->
        <test-method status="FAIL" signature="testAutoDiscoveredConverterNotAddedAutomatically()[pri:0, instance:org.eclipse.microprofile.config.tck.AutoDiscoveredConfigSourceTest@4d95d2a2]" name="testAutoDiscoveredConverterNotAddedAutomatically" duration-ms="9" started-at="2018-01-24T16:45:53Z" finished-at="2018-01-24T16:45:53Z">
          <exception class="java.lang.AssertionError">
            <message>
              <![CDATA[The auto discovered converter should not be added automatically.]]>
            </message>
            <full-stacktrace>
              <![CDATA[java.lang.AssertionError: The auto discovered converter should not be added automatically.
	at org.testng.Assert.fail(Assert.java:94)
	at org.eclipse.microprofile.config.tck.AutoDiscoveredConfigSourceTest.testAutoDiscoveredConverterNotAddedAutomatically(AutoDiscoveredConfigSourceTest.java:81)
	at sun.reflect.NativeMethodAccessorImpl.invoke0(Native Method)
	at sun.reflect.NativeMethodAccessorImpl.invoke(NativeMethodAccessorImpl.java:62)
	at sun.reflect.DelegatingMethodAccessorImpl.invoke(DelegatingMethodAccessorImpl.java:43)
	at java.lang.reflect.Method.invoke(Method.java:498)
	at org.testng.internal.MethodInvocationHelper.invokeMethod(MethodInvocationHelper.java:85)
	at org.testng.internal.MethodInvocationHelper$1.runTestMethod(MethodInvocationHelper.java:196)
	at org.jboss.arquillian.testng.Arquillian$2.invoke(Arquillian.java:145)
	at org.jboss.arquillian.container.test.impl.execution.LocalTestExecuter.execute(LocalTestExecuter.java:57)
	at sun.reflect.GeneratedMethodAccessor16.invoke(Unknown Source)
	at sun.reflect.DelegatingMethodAccessorImpl.invoke(DelegatingMethodAccessorImpl.java:43)
	at java.lang.reflect.Method.invoke(Method.java:498)
	at org.jboss.arquillian.core.impl.ObserverImpl.invoke(ObserverImpl.java:86)
	at org.jboss.arquillian.core.impl.EventContextImpl.invokeObservers(EventContextImpl.java:103)
	at org.jboss.arquillian.core.impl.EventContextImpl.proceed(EventContextImpl.java:90)
	at org.jboss.arquillian.core.impl.ManagerImpl.fire(ManagerImpl.java:133)
	at org.jboss.arquillian.core.impl.ManagerImpl.fire(ManagerImpl.java:105)
	at org.jboss.arquillian.core.impl.EventImpl.fire(EventImpl.java:62)
	at org.jboss.arquillian.container.test.impl.client.protocol.local.LocalContainerMethodExecutor.invoke(LocalContainerMethodExecutor.java:48)
	at org.jboss.arquillian.container.test.impl.execution.RemoteTestExecuter.execute(RemoteTestExecuter.java:103)
	at sun.reflect.GeneratedMethodAccessor15.invoke(Unknown Source)
	at sun.reflect.DelegatingMethodAccessorImpl.invoke(DelegatingMethodAccessorImpl.java:43)
	at java.lang.reflect.Method.invoke(Method.java:498)
	at org.jboss.arquillian.core.impl.ObserverImpl.invoke(ObserverImpl.java:86)
	at org.jboss.arquillian.core.impl.EventContextImpl.invokeObservers(EventContextImpl.java:103)
	at org.jboss.arquillian.core.impl.EventContextImpl.proceed(EventContextImpl.java:90)
	at org.jboss.arquillian.core.impl.ManagerImpl.fire(ManagerImpl.java:133)
	at org.jboss.arquillian.core.impl.ManagerImpl.fire(ManagerImpl.java:105)
	at org.jboss.arquillian.core.impl.EventImpl.fire(EventImpl.java:62)
	at org.jboss.arquillian.container.test.impl.execution.ClientTestExecuter.execute(ClientTestExecuter.java:52)
	at sun.reflect.GeneratedMethodAccessor14.invoke(Unknown Source)
	at sun.reflect.DelegatingMethodAccessorImpl.invoke(DelegatingMethodAccessorImpl.java:43)
	at java.lang.reflect.Method.invoke(Method.java:498)
	at org.jboss.arquillian.core.impl.ObserverImpl.invoke(ObserverImpl.java:86)
	at org.jboss.arquillian.core.impl.EventContextImpl.invokeObservers(EventContextImpl.java:103)
	at org.jboss.arquillian.core.impl.EventContextImpl.proceed(EventContextImpl.java:90)
	at org.jboss.arquillian.container.test.impl.client.ContainerEventController.createContext(ContainerEventController.java:128)
	at org.jboss.arquillian.container.test.impl.client.ContainerEventController.createTestContext(ContainerEventController.java:118)
	at sun.reflect.GeneratedMethodAccessor13.invoke(Unknown Source)
	at sun.reflect.DelegatingMethodAccessorImpl.invoke(DelegatingMethodAccessorImpl.java:43)
	at java.lang.reflect.Method.invoke(Method.java:498)
	at org.jboss.arquillian.core.impl.ObserverImpl.invoke(ObserverImpl.java:86)
	at org.jboss.arquillian.core.impl.EventContextImpl.proceed(EventContextImpl.java:95)
	at org.jboss.arquillian.test.impl.TestContextHandler.createTestContext(TestContextHandler.java:116)
	at sun.reflect.GeneratedMethodAccessor5.invoke(Unknown Source)
	at sun.reflect.DelegatingMethodAccessorImpl.invoke(DelegatingMethodAccessorImpl.java:43)
	at java.lang.reflect.Method.invoke(Method.java:498)
	at org.jboss.arquillian.core.impl.ObserverImpl.invoke(ObserverImpl.java:86)
	at org.jboss.arquillian.core.impl.EventContextImpl.proceed(EventContextImpl.java:95)
	at org.jboss.arquillian.test.impl.TestContextHandler.createClassContext(TestContextHandler.java:83)
	at sun.reflect.GeneratedMethodAccessor4.invoke(Unknown Source)
	at sun.reflect.DelegatingMethodAccessorImpl.invoke(DelegatingMethodAccessorImpl.java:43)
	at java.lang.reflect.Method.invoke(Method.java:498)
	at org.jboss.arquillian.core.impl.ObserverImpl.invoke(ObserverImpl.java:86)
	at org.jboss.arquillian.core.impl.EventContextImpl.proceed(EventContextImpl.java:95)
	at org.jboss.arquillian.test.impl.TestContextHandler.createSuiteContext(TestContextHandler.java:69)
	at sun.reflect.GeneratedMethodAccessor3.invoke(Unknown Source)
	at sun.reflect.DelegatingMethodAccessorImpl.invoke(DelegatingMethodAccessorImpl.java:43)
	at java.lang.reflect.Method.invoke(Method.java:498)
	at org.jboss.arquillian.core.impl.ObserverImpl.invoke(ObserverImpl.java:86)
	at org.jboss.arquillian.core.impl.EventContextImpl.proceed(EventContextImpl.java:95)
	at org.jboss.arquillian.core.impl.ManagerImpl.fire(ManagerImpl.java:133)
	at org.jboss.arquillian.test.impl.EventTestRunnerAdaptor.test(EventTestRunnerAdaptor.java:122)
	at org.jboss.arquillian.testng.Arquillian.run(Arquillian.java:138)
	at org.testng.internal.MethodInvocationHelper.invokeHookable(MethodInvocationHelper.java:208)
	at org.testng.internal.Invoker.invokeMethod(Invoker.java:635)
	at org.testng.internal.Invoker.invokeTestMethod(Invoker.java:816)
	at org.testng.internal.Invoker.invokeTestMethods(Invoker.java:1124)
	at org.testng.internal.TestMethodWorker.invokeTestMethods(TestMethodWorker.java:125)
	at org.testng.internal.TestMethodWorker.run(TestMethodWorker.java:108)
	at org.testng.TestRunner.privateRun(TestRunner.java:774)
	at org.testng.TestRunner.run(TestRunner.java:624)
	at org.testng.SuiteRunner.runTest(SuiteRunner.java:359)
	at org.testng.SuiteRunner.runSequentially(SuiteRunner.java:354)
	at org.testng.SuiteRunner.privateRun(SuiteRunner.java:312)
	at org.testng.SuiteRunner.run(SuiteRunner.java:261)
	at org.testng.SuiteRunnerWorker.runSuite(SuiteRunnerWorker.java:52)
	at org.testng.SuiteRunnerWorker.run(SuiteRunnerWorker.java:86)
	at org.testng.TestNG.runSuitesSequentially(TestNG.java:1215)
	at org.testng.TestNG.runSuitesLocally(TestNG.java:1140)
	at org.testng.TestNG.run(TestNG.java:1048)
	at org.testng.remote.AbstractRemoteTestNG.run(AbstractRemoteTestNG.java:114)
	at org.testng.remote.RemoteTestNG.initAndRun(RemoteTestNG.java:251)
	at org.testng.remote.RemoteTestNG.main(RemoteTestNG.java:77)
]]>
            </full-stacktrace>
          </exception> <!-- java.lang.AssertionError -->
          <reporter-output>
          </reporter-output>
        </test-method> <!-- testAutoDiscoveredConverterNotAddedAutomatically -->
        <test-method status="PASS" signature="arquillianAfterTest(java.lang.reflect.Method)[pri:0, instance:org.eclipse.microprofile.config.tck.AutoDiscoveredConfigSourceTest@4d95d2a2]" name="arquillianAfterTest" is-config="true" duration-ms="1" started-at="2018-01-24T16:45:53Z" finished-at="2018-01-24T16:45:53Z">
          <params>
            <param index="0">
              <value>
                <![CDATA[public void org.eclipse.microprofile.config.tck.AutoDiscoveredConfigSourceTest.testAutoDiscoveredConverterNotAddedAutomatically()]]>
              </value>
            </param>
          </params>
          <reporter-output>
          </reporter-output>
        </test-method> <!-- arquillianAfterTest -->
        <test-method status="PASS" signature="arquillianAfterClass()[pri:0, instance:org.eclipse.microprofile.config.tck.AutoDiscoveredConfigSourceTest@4d95d2a2]" name="arquillianAfterClass" is-config="true" duration-ms="4" started-at="2018-01-24T16:45:53Z" finished-at="2018-01-24T16:45:53Z">
          <reporter-output>
          </reporter-output>
        </test-method> <!-- arquillianAfterClass -->
      </class> <!-- org.eclipse.microprofile.config.tck.AutoDiscoveredConfigSourceTest -->
      <class name="org.eclipse.microprofile.config.tck.CDIPlainInjectionTest">
        <test-method status="PASS" signature="arquillianBeforeClass()[pri:0, instance:org.eclipse.microprofile.config.tck.CDIPlainInjectionTest@1e965684]" name="arquillianBeforeClass" is-config="true" duration-ms="82" started-at="2018-01-24T16:45:53Z" finished-at="2018-01-24T16:45:53Z">
          <reporter-output>
          </reporter-output>
        </test-method> <!-- arquillianBeforeClass -->
        <test-method status="PASS" signature="arquillianBeforeTest(java.lang.reflect.Method)[pri:0, instance:org.eclipse.microprofile.config.tck.CDIPlainInjectionTest@1e965684]" name="arquillianBeforeTest" is-config="true" duration-ms="6" started-at="2018-01-24T16:45:53Z" finished-at="2018-01-24T16:45:53Z">
          <params>
            <param index="0">
              <value>
                <![CDATA[public void org.eclipse.microprofile.config.tck.CDIPlainInjectionTest.can_inject_default_property_path()]]>
              </value>
            </param>
          </params>
          <reporter-output>
          </reporter-output>
        </test-method> <!-- arquillianBeforeTest -->
        <test-method status="FAIL" signature="can_inject_default_property_path()[pri:0, instance:org.eclipse.microprofile.config.tck.CDIPlainInjectionTest@1e965684]" name="can_inject_default_property_path" duration-ms="34" started-at="2018-01-24T16:45:53Z" finished-at="2018-01-24T16:45:53Z">
          <exception class="java.lang.AssertionError">
            <message>
              <![CDATA[
Expected: is "pathConfigValue"
     but: was null]]>
            </message>
            <full-stacktrace>
              <![CDATA[java.lang.AssertionError: 
Expected: is "pathConfigValue"
     but: was null
	at org.hamcrest.MatcherAssert.assertThat(MatcherAssert.java:20)
	at org.hamcrest.MatcherAssert.assertThat(MatcherAssert.java:8)
	at org.eclipse.microprofile.config.tck.CDIPlainInjectionTest.can_inject_default_property_path(CDIPlainInjectionTest.java:109)
	at sun.reflect.NativeMethodAccessorImpl.invoke0(Native Method)
	at sun.reflect.NativeMethodAccessorImpl.invoke(NativeMethodAccessorImpl.java:62)
	at sun.reflect.DelegatingMethodAccessorImpl.invoke(DelegatingMethodAccessorImpl.java:43)
	at java.lang.reflect.Method.invoke(Method.java:498)
	at org.testng.internal.MethodInvocationHelper.invokeMethod(MethodInvocationHelper.java:85)
	at org.testng.internal.MethodInvocationHelper$1.runTestMethod(MethodInvocationHelper.java:196)
	at org.jboss.arquillian.testng.Arquillian$2.invoke(Arquillian.java:145)
	at org.jboss.arquillian.container.test.impl.execution.LocalTestExecuter.execute(LocalTestExecuter.java:57)
	at sun.reflect.GeneratedMethodAccessor16.invoke(Unknown Source)
	at sun.reflect.DelegatingMethodAccessorImpl.invoke(DelegatingMethodAccessorImpl.java:43)
	at java.lang.reflect.Method.invoke(Method.java:498)
	at org.jboss.arquillian.core.impl.ObserverImpl.invoke(ObserverImpl.java:86)
	at org.jboss.arquillian.core.impl.EventContextImpl.invokeObservers(EventContextImpl.java:103)
	at org.jboss.arquillian.core.impl.EventContextImpl.proceed(EventContextImpl.java:90)
	at org.jboss.arquillian.core.impl.ManagerImpl.fire(ManagerImpl.java:133)
	at org.jboss.arquillian.core.impl.ManagerImpl.fire(ManagerImpl.java:105)
	at org.jboss.arquillian.core.impl.EventImpl.fire(EventImpl.java:62)
	at org.jboss.arquillian.container.test.impl.client.protocol.local.LocalContainerMethodExecutor.invoke(LocalContainerMethodExecutor.java:48)
	at org.jboss.arquillian.container.test.impl.execution.RemoteTestExecuter.execute(RemoteTestExecuter.java:103)
	at sun.reflect.GeneratedMethodAccessor15.invoke(Unknown Source)
	at sun.reflect.DelegatingMethodAccessorImpl.invoke(DelegatingMethodAccessorImpl.java:43)
	at java.lang.reflect.Method.invoke(Method.java:498)
	at org.jboss.arquillian.core.impl.ObserverImpl.invoke(ObserverImpl.java:86)
	at org.jboss.arquillian.core.impl.EventContextImpl.invokeObservers(EventContextImpl.java:103)
	at org.jboss.arquillian.core.impl.EventContextImpl.proceed(EventContextImpl.java:90)
	at org.jboss.arquillian.core.impl.ManagerImpl.fire(ManagerImpl.java:133)
	at org.jboss.arquillian.core.impl.ManagerImpl.fire(ManagerImpl.java:105)
	at org.jboss.arquillian.core.impl.EventImpl.fire(EventImpl.java:62)
	at org.jboss.arquillian.container.test.impl.execution.ClientTestExecuter.execute(ClientTestExecuter.java:52)
	at sun.reflect.GeneratedMethodAccessor14.invoke(Unknown Source)
	at sun.reflect.DelegatingMethodAccessorImpl.invoke(DelegatingMethodAccessorImpl.java:43)
	at java.lang.reflect.Method.invoke(Method.java:498)
	at org.jboss.arquillian.core.impl.ObserverImpl.invoke(ObserverImpl.java:86)
	at org.jboss.arquillian.core.impl.EventContextImpl.invokeObservers(EventContextImpl.java:103)
	at org.jboss.arquillian.core.impl.EventContextImpl.proceed(EventContextImpl.java:90)
	at org.jboss.arquillian.container.test.impl.client.ContainerEventController.createContext(ContainerEventController.java:128)
	at org.jboss.arquillian.container.test.impl.client.ContainerEventController.createTestContext(ContainerEventController.java:118)
	at sun.reflect.GeneratedMethodAccessor13.invoke(Unknown Source)
	at sun.reflect.DelegatingMethodAccessorImpl.invoke(DelegatingMethodAccessorImpl.java:43)
	at java.lang.reflect.Method.invoke(Method.java:498)
	at org.jboss.arquillian.core.impl.ObserverImpl.invoke(ObserverImpl.java:86)
	at org.jboss.arquillian.core.impl.EventContextImpl.proceed(EventContextImpl.java:95)
	at org.jboss.arquillian.test.impl.TestContextHandler.createTestContext(TestContextHandler.java:116)
	at sun.reflect.GeneratedMethodAccessor5.invoke(Unknown Source)
	at sun.reflect.DelegatingMethodAccessorImpl.invoke(DelegatingMethodAccessorImpl.java:43)
	at java.lang.reflect.Method.invoke(Method.java:498)
	at org.jboss.arquillian.core.impl.ObserverImpl.invoke(ObserverImpl.java:86)
	at org.jboss.arquillian.core.impl.EventContextImpl.proceed(EventContextImpl.java:95)
	at org.jboss.arquillian.test.impl.TestContextHandler.createClassContext(TestContextHandler.java:83)
	at sun.reflect.GeneratedMethodAccessor4.invoke(Unknown Source)
	at sun.reflect.DelegatingMethodAccessorImpl.invoke(DelegatingMethodAccessorImpl.java:43)
	at java.lang.reflect.Method.invoke(Method.java:498)
	at org.jboss.arquillian.core.impl.ObserverImpl.invoke(ObserverImpl.java:86)
	at org.jboss.arquillian.core.impl.EventContextImpl.proceed(EventContextImpl.java:95)
	at org.jboss.arquillian.test.impl.TestContextHandler.createSuiteContext(TestContextHandler.java:69)
	at sun.reflect.GeneratedMethodAccessor3.invoke(Unknown Source)
	at sun.reflect.DelegatingMethodAccessorImpl.invoke(DelegatingMethodAccessorImpl.java:43)
	at java.lang.reflect.Method.invoke(Method.java:498)
	at org.jboss.arquillian.core.impl.ObserverImpl.invoke(ObserverImpl.java:86)
	at org.jboss.arquillian.core.impl.EventContextImpl.proceed(EventContextImpl.java:95)
	at org.jboss.arquillian.core.impl.ManagerImpl.fire(ManagerImpl.java:133)
	at org.jboss.arquillian.test.impl.EventTestRunnerAdaptor.test(EventTestRunnerAdaptor.java:122)
	at org.jboss.arquillian.testng.Arquillian.run(Arquillian.java:138)
	at org.testng.internal.MethodInvocationHelper.invokeHookable(MethodInvocationHelper.java:208)
	at org.testng.internal.Invoker.invokeMethod(Invoker.java:635)
	at org.testng.internal.Invoker.invokeTestMethod(Invoker.java:816)
	at org.testng.internal.Invoker.invokeTestMethods(Invoker.java:1124)
	at org.testng.internal.TestMethodWorker.invokeTestMethods(TestMethodWorker.java:125)
	at org.testng.internal.TestMethodWorker.run(TestMethodWorker.java:108)
	at org.testng.TestRunner.privateRun(TestRunner.java:774)
	at org.testng.TestRunner.run(TestRunner.java:624)
	at org.testng.SuiteRunner.runTest(SuiteRunner.java:359)
	at org.testng.SuiteRunner.runSequentially(SuiteRunner.java:354)
	at org.testng.SuiteRunner.privateRun(SuiteRunner.java:312)
	at org.testng.SuiteRunner.run(SuiteRunner.java:261)
	at org.testng.SuiteRunnerWorker.runSuite(SuiteRunnerWorker.java:52)
	at org.testng.SuiteRunnerWorker.run(SuiteRunnerWorker.java:86)
	at org.testng.TestNG.runSuitesSequentially(TestNG.java:1215)
	at org.testng.TestNG.runSuitesLocally(TestNG.java:1140)
	at org.testng.TestNG.run(TestNG.java:1048)
	at org.testng.remote.AbstractRemoteTestNG.run(AbstractRemoteTestNG.java:114)
	at org.testng.remote.RemoteTestNG.initAndRun(RemoteTestNG.java:251)
	at org.testng.remote.RemoteTestNG.main(RemoteTestNG.java:77)
]]>
            </full-stacktrace>
          </exception> <!-- java.lang.AssertionError -->
          <reporter-output>
          </reporter-output>
        </test-method> <!-- can_inject_default_property_path -->
        <test-method status="PASS" signature="arquillianAfterTest(java.lang.reflect.Method)[pri:0, instance:org.eclipse.microprofile.config.tck.CDIPlainInjectionTest@1e965684]" name="arquillianAfterTest" is-config="true" duration-ms="1" started-at="2018-01-24T16:45:53Z" finished-at="2018-01-24T16:45:53Z">
          <params>
            <param index="0">
              <value>
                <![CDATA[public void org.eclipse.microprofile.config.tck.CDIPlainInjectionTest.can_inject_default_property_path()]]>
              </value>
            </param>
          </params>
          <reporter-output>
          </reporter-output>
        </test-method> <!-- arquillianAfterTest -->
        <test-method status="PASS" signature="arquillianBeforeTest(java.lang.reflect.Method)[pri:0, instance:org.eclipse.microprofile.config.tck.CDIPlainInjectionTest@1e965684]" name="arquillianBeforeTest" is-config="true" duration-ms="3" started-at="2018-01-24T16:45:53Z" finished-at="2018-01-24T16:45:53Z">
          <params>
            <param index="0">
              <value>
                <![CDATA[public void org.eclipse.microprofile.config.tck.CDIPlainInjectionTest.can_inject_dynamic_values_via_CDI_provider()]]>
              </value>
            </param>
          </params>
          <reporter-output>
          </reporter-output>
        </test-method> <!-- arquillianBeforeTest -->
        <test-method status="PASS" signature="can_inject_dynamic_values_via_CDI_provider()[pri:0, instance:org.eclipse.microprofile.config.tck.CDIPlainInjectionTest@1e965684]" name="can_inject_dynamic_values_via_CDI_provider" duration-ms="4" started-at="2018-01-24T16:45:53Z" finished-at="2018-01-24T16:45:53Z">
          <reporter-output>
          </reporter-output>
        </test-method> <!-- can_inject_dynamic_values_via_CDI_provider -->
        <test-method status="PASS" signature="arquillianAfterTest(java.lang.reflect.Method)[pri:0, instance:org.eclipse.microprofile.config.tck.CDIPlainInjectionTest@1e965684]" name="arquillianAfterTest" is-config="true" duration-ms="1" started-at="2018-01-24T16:45:53Z" finished-at="2018-01-24T16:45:53Z">
          <params>
            <param index="0">
              <value>
                <![CDATA[public void org.eclipse.microprofile.config.tck.CDIPlainInjectionTest.can_inject_dynamic_values_via_CDI_provider()]]>
              </value>
            </param>
          </params>
          <reporter-output>
          </reporter-output>
        </test-method> <!-- arquillianAfterTest -->
        <test-method status="PASS" signature="arquillianBeforeTest(java.lang.reflect.Method)[pri:0, instance:org.eclipse.microprofile.config.tck.CDIPlainInjectionTest@1e965684]" name="arquillianBeforeTest" is-config="true" duration-ms="2" started-at="2018-01-24T16:45:53Z" finished-at="2018-01-24T16:45:53Z">
          <params>
            <param index="0">
              <value>
                <![CDATA[public void org.eclipse.microprofile.config.tck.CDIPlainInjectionTest.can_inject_simple_values_when_defined()]]>
              </value>
            </param>
          </params>
          <reporter-output>
          </reporter-output>
        </test-method> <!-- arquillianBeforeTest -->
        <test-method status="PASS" signature="can_inject_simple_values_when_defined()[pri:0, instance:org.eclipse.microprofile.config.tck.CDIPlainInjectionTest@1e965684]" name="can_inject_simple_values_when_defined" duration-ms="10" started-at="2018-01-24T16:45:53Z" finished-at="2018-01-24T16:45:53Z">
          <reporter-output>
          </reporter-output>
        </test-method> <!-- can_inject_simple_values_when_defined -->
        <test-method status="PASS" signature="arquillianAfterTest(java.lang.reflect.Method)[pri:0, instance:org.eclipse.microprofile.config.tck.CDIPlainInjectionTest@1e965684]" name="arquillianAfterTest" is-config="true" duration-ms="1" started-at="2018-01-24T16:45:53Z" finished-at="2018-01-24T16:45:53Z">
          <params>
            <param index="0">
              <value>
                <![CDATA[public void org.eclipse.microprofile.config.tck.CDIPlainInjectionTest.can_inject_simple_values_when_defined()]]>
              </value>
            </param>
          </params>
          <reporter-output>
          </reporter-output>
        </test-method> <!-- arquillianAfterTest -->
        <test-method status="PASS" signature="arquillianAfterClass()[pri:0, instance:org.eclipse.microprofile.config.tck.CDIPlainInjectionTest@1e965684]" name="arquillianAfterClass" is-config="true" duration-ms="4" started-at="2018-01-24T16:45:53Z" finished-at="2018-01-24T16:45:53Z">
          <reporter-output>
          </reporter-output>
        </test-method> <!-- arquillianAfterClass -->
      </class> <!-- org.eclipse.microprofile.config.tck.CDIPlainInjectionTest -->
      <class name="org.eclipse.microprofile.config.tck.CustomConfigSourceTest">
        <test-method status="PASS" signature="arquillianBeforeClass()[pri:0, instance:org.eclipse.microprofile.config.tck.CustomConfigSourceTest@15d0c81b]" name="arquillianBeforeClass" is-config="true" duration-ms="50" started-at="2018-01-24T16:45:53Z" finished-at="2018-01-24T16:45:53Z">
          <reporter-output>
          </reporter-output>
        </test-method> <!-- arquillianBeforeClass -->
        <test-method status="PASS" signature="arquillianBeforeTest(java.lang.reflect.Method)[pri:0, instance:org.eclipse.microprofile.config.tck.CustomConfigSourceTest@15d0c81b]" name="arquillianBeforeTest" is-config="true" duration-ms="8" started-at="2018-01-24T16:45:53Z" finished-at="2018-01-24T16:45:53Z">
          <params>
            <param index="0">
              <value>
                <![CDATA[public void org.eclipse.microprofile.config.tck.CustomConfigSourceTest.testConfigSourceProvider()]]>
              </value>
            </param>
          </params>
          <reporter-output>
          </reporter-output>
        </test-method> <!-- arquillianBeforeTest -->
        <test-method status="PASS" signature="testConfigSourceProvider()[pri:0, instance:org.eclipse.microprofile.config.tck.CustomConfigSourceTest@15d0c81b]" name="testConfigSourceProvider" duration-ms="7" started-at="2018-01-24T16:45:53Z" finished-at="2018-01-24T16:45:53Z">
          <reporter-output>
          </reporter-output>
        </test-method> <!-- testConfigSourceProvider -->
        <test-method status="PASS" signature="arquillianAfterTest(java.lang.reflect.Method)[pri:0, instance:org.eclipse.microprofile.config.tck.CustomConfigSourceTest@15d0c81b]" name="arquillianAfterTest" is-config="true" duration-ms="1" started-at="2018-01-24T16:45:53Z" finished-at="2018-01-24T16:45:53Z">
          <params>
            <param index="0">
              <value>
                <![CDATA[public void org.eclipse.microprofile.config.tck.CustomConfigSourceTest.testConfigSourceProvider()]]>
              </value>
            </param>
          </params>
          <reporter-output>
          </reporter-output>
        </test-method> <!-- arquillianAfterTest -->
        <test-method status="PASS" signature="arquillianAfterClass()[pri:0, instance:org.eclipse.microprofile.config.tck.CustomConfigSourceTest@15d0c81b]" name="arquillianAfterClass" is-config="true" duration-ms="5" started-at="2018-01-24T16:45:53Z" finished-at="2018-01-24T16:45:53Z">
          <reporter-output>
          </reporter-output>
        </test-method> <!-- arquillianAfterClass -->
      </class> <!-- org.eclipse.microprofile.config.tck.CustomConfigSourceTest -->
      <class name="org.eclipse.microprofile.config.tck.ConfigProviderTest">
        <test-method status="PASS" signature="arquillianBeforeClass()[pri:0, instance:org.eclipse.microprofile.config.tck.ConfigProviderTest@167fdd33]" name="arquillianBeforeClass" is-config="true" duration-ms="61" started-at="2018-01-24T16:45:54Z" finished-at="2018-01-24T16:45:54Z">
          <reporter-output>
          </reporter-output>
        </test-method> <!-- arquillianBeforeClass -->
        <test-method status="PASS" signature="arquillianBeforeTest(java.lang.reflect.Method)[pri:0, instance:org.eclipse.microprofile.config.tck.ConfigProviderTest@167fdd33]" name="arquillianBeforeTest" is-config="true" duration-ms="13" started-at="2018-01-24T16:45:54Z" finished-at="2018-01-24T16:45:54Z">
          <params>
            <param index="0">
              <value>
                <![CDATA[public void org.eclipse.microprofile.config.tck.ConfigProviderTest.testDynamicValueInPropertyConfigSource()]]>
              </value>
            </param>
          </params>
          <reporter-output>
          </reporter-output>
        </test-method> <!-- arquillianBeforeTest -->
        <test-method status="PASS" signature="testDynamicValueInPropertyConfigSource()[pri:0, instance:org.eclipse.microprofile.config.tck.ConfigProviderTest@167fdd33]" name="testDynamicValueInPropertyConfigSource" duration-ms="6" started-at="2018-01-24T16:45:54Z" finished-at="2018-01-24T16:45:54Z">
          <reporter-output>
          </reporter-output>
        </test-method> <!-- testDynamicValueInPropertyConfigSource -->
        <test-method status="PASS" signature="arquillianAfterTest(java.lang.reflect.Method)[pri:0, instance:org.eclipse.microprofile.config.tck.ConfigProviderTest@167fdd33]" name="arquillianAfterTest" is-config="true" duration-ms="1" started-at="2018-01-24T16:45:54Z" finished-at="2018-01-24T16:45:54Z">
          <params>
            <param index="0">
              <value>
                <![CDATA[public void org.eclipse.microprofile.config.tck.ConfigProviderTest.testDynamicValueInPropertyConfigSource()]]>
              </value>
            </param>
          </params>
          <reporter-output>
          </reporter-output>
        </test-method> <!-- arquillianAfterTest -->
        <test-method status="PASS" signature="arquillianBeforeTest(java.lang.reflect.Method)[pri:0, instance:org.eclipse.microprofile.config.tck.ConfigProviderTest@167fdd33]" name="arquillianBeforeTest" is-config="true" duration-ms="3" started-at="2018-01-24T16:45:54Z" finished-at="2018-01-24T16:45:54Z">
          <params>
            <param index="0">
              <value>
                <![CDATA[public void org.eclipse.microprofile.config.tck.ConfigProviderTest.testEnvironmentConfigSource()]]>
              </value>
            </param>
          </params>
          <reporter-output>
          </reporter-output>
        </test-method> <!-- arquillianBeforeTest -->
        <test-method status="PASS" signature="testEnvironmentConfigSource()[pri:0, instance:org.eclipse.microprofile.config.tck.ConfigProviderTest@167fdd33]" name="testEnvironmentConfigSource" duration-ms="5" started-at="2018-01-24T16:45:54Z" finished-at="2018-01-24T16:45:54Z">
          <reporter-output>
          </reporter-output>
        </test-method> <!-- testEnvironmentConfigSource -->
        <test-method status="PASS" signature="arquillianAfterTest(java.lang.reflect.Method)[pri:0, instance:org.eclipse.microprofile.config.tck.ConfigProviderTest@167fdd33]" name="arquillianAfterTest" is-config="true" duration-ms="1" started-at="2018-01-24T16:45:54Z" finished-at="2018-01-24T16:45:54Z">
          <params>
            <param index="0">
              <value>
                <![CDATA[public void org.eclipse.microprofile.config.tck.ConfigProviderTest.testEnvironmentConfigSource()]]>
              </value>
            </param>
          </params>
          <reporter-output>
          </reporter-output>
        </test-method> <!-- arquillianAfterTest -->
        <test-method status="PASS" signature="arquillianBeforeTest(java.lang.reflect.Method)[pri:0, instance:org.eclipse.microprofile.config.tck.ConfigProviderTest@167fdd33]" name="arquillianBeforeTest" is-config="true" duration-ms="3" started-at="2018-01-24T16:45:54Z" finished-at="2018-01-24T16:45:54Z">
          <params>
            <param index="0">
              <value>
                <![CDATA[public void org.eclipse.microprofile.config.tck.ConfigProviderTest.testGetConfigSources()]]>
              </value>
            </param>
          </params>
          <reporter-output>
          </reporter-output>
        </test-method> <!-- arquillianBeforeTest -->
        <test-method status="FAIL" signature="testGetConfigSources()[pri:0, instance:org.eclipse.microprofile.config.tck.ConfigProviderTest@167fdd33]" name="testGetConfigSources" duration-ms="5" started-at="2018-01-24T16:45:54Z" finished-at="2018-01-24T16:45:54Z">
          <exception class="java.lang.AssertionError">
            <message>
              <![CDATA[expected [true] but found [false]]]>
            </message>
            <full-stacktrace>
              <![CDATA[java.lang.AssertionError: expected [true] but found [false]
	at org.testng.Assert.fail(Assert.java:94)
	at org.testng.Assert.failNotEquals(Assert.java:496)
	at org.testng.Assert.assertTrue(Assert.java:42)
	at org.testng.Assert.assertTrue(Assert.java:52)
	at org.eclipse.microprofile.config.tck.ConfigProviderTest.testGetConfigSources(ConfigProviderTest.java:126)
	at sun.reflect.NativeMethodAccessorImpl.invoke0(Native Method)
	at sun.reflect.NativeMethodAccessorImpl.invoke(NativeMethodAccessorImpl.java:62)
	at sun.reflect.DelegatingMethodAccessorImpl.invoke(DelegatingMethodAccessorImpl.java:43)
	at java.lang.reflect.Method.invoke(Method.java:498)
	at org.testng.internal.MethodInvocationHelper.invokeMethod(MethodInvocationHelper.java:85)
	at org.testng.internal.MethodInvocationHelper$1.runTestMethod(MethodInvocationHelper.java:196)
	at org.jboss.arquillian.testng.Arquillian$2.invoke(Arquillian.java:145)
	at org.jboss.arquillian.container.test.impl.execution.LocalTestExecuter.execute(LocalTestExecuter.java:57)
	at sun.reflect.GeneratedMethodAccessor16.invoke(Unknown Source)
	at sun.reflect.DelegatingMethodAccessorImpl.invoke(DelegatingMethodAccessorImpl.java:43)
	at java.lang.reflect.Method.invoke(Method.java:498)
	at org.jboss.arquillian.core.impl.ObserverImpl.invoke(ObserverImpl.java:86)
	at org.jboss.arquillian.core.impl.EventContextImpl.invokeObservers(EventContextImpl.java:103)
	at org.jboss.arquillian.core.impl.EventContextImpl.proceed(EventContextImpl.java:90)
	at org.jboss.arquillian.core.impl.ManagerImpl.fire(ManagerImpl.java:133)
	at org.jboss.arquillian.core.impl.ManagerImpl.fire(ManagerImpl.java:105)
	at org.jboss.arquillian.core.impl.EventImpl.fire(EventImpl.java:62)
	at org.jboss.arquillian.container.test.impl.client.protocol.local.LocalContainerMethodExecutor.invoke(LocalContainerMethodExecutor.java:48)
	at org.jboss.arquillian.container.test.impl.execution.RemoteTestExecuter.execute(RemoteTestExecuter.java:103)
	at sun.reflect.GeneratedMethodAccessor15.invoke(Unknown Source)
	at sun.reflect.DelegatingMethodAccessorImpl.invoke(DelegatingMethodAccessorImpl.java:43)
	at java.lang.reflect.Method.invoke(Method.java:498)
	at org.jboss.arquillian.core.impl.ObserverImpl.invoke(ObserverImpl.java:86)
	at org.jboss.arquillian.core.impl.EventContextImpl.invokeObservers(EventContextImpl.java:103)
	at org.jboss.arquillian.core.impl.EventContextImpl.proceed(EventContextImpl.java:90)
	at org.jboss.arquillian.core.impl.ManagerImpl.fire(ManagerImpl.java:133)
	at org.jboss.arquillian.core.impl.ManagerImpl.fire(ManagerImpl.java:105)
	at org.jboss.arquillian.core.impl.EventImpl.fire(EventImpl.java:62)
	at org.jboss.arquillian.container.test.impl.execution.ClientTestExecuter.execute(ClientTestExecuter.java:52)
	at sun.reflect.GeneratedMethodAccessor14.invoke(Unknown Source)
	at sun.reflect.DelegatingMethodAccessorImpl.invoke(DelegatingMethodAccessorImpl.java:43)
	at java.lang.reflect.Method.invoke(Method.java:498)
	at org.jboss.arquillian.core.impl.ObserverImpl.invoke(ObserverImpl.java:86)
	at org.jboss.arquillian.core.impl.EventContextImpl.invokeObservers(EventContextImpl.java:103)
	at org.jboss.arquillian.core.impl.EventContextImpl.proceed(EventContextImpl.java:90)
	at org.jboss.arquillian.container.test.impl.client.ContainerEventController.createContext(ContainerEventController.java:128)
	at org.jboss.arquillian.container.test.impl.client.ContainerEventController.createTestContext(ContainerEventController.java:118)
	at sun.reflect.GeneratedMethodAccessor13.invoke(Unknown Source)
	at sun.reflect.DelegatingMethodAccessorImpl.invoke(DelegatingMethodAccessorImpl.java:43)
	at java.lang.reflect.Method.invoke(Method.java:498)
	at org.jboss.arquillian.core.impl.ObserverImpl.invoke(ObserverImpl.java:86)
	at org.jboss.arquillian.core.impl.EventContextImpl.proceed(EventContextImpl.java:95)
	at org.jboss.arquillian.test.impl.TestContextHandler.createTestContext(TestContextHandler.java:116)
	at sun.reflect.GeneratedMethodAccessor5.invoke(Unknown Source)
	at sun.reflect.DelegatingMethodAccessorImpl.invoke(DelegatingMethodAccessorImpl.java:43)
	at java.lang.reflect.Method.invoke(Method.java:498)
	at org.jboss.arquillian.core.impl.ObserverImpl.invoke(ObserverImpl.java:86)
	at org.jboss.arquillian.core.impl.EventContextImpl.proceed(EventContextImpl.java:95)
	at org.jboss.arquillian.test.impl.TestContextHandler.createClassContext(TestContextHandler.java:83)
	at sun.reflect.GeneratedMethodAccessor4.invoke(Unknown Source)
	at sun.reflect.DelegatingMethodAccessorImpl.invoke(DelegatingMethodAccessorImpl.java:43)
	at java.lang.reflect.Method.invoke(Method.java:498)
	at org.jboss.arquillian.core.impl.ObserverImpl.invoke(ObserverImpl.java:86)
	at org.jboss.arquillian.core.impl.EventContextImpl.proceed(EventContextImpl.java:95)
	at org.jboss.arquillian.test.impl.TestContextHandler.createSuiteContext(TestContextHandler.java:69)
	at sun.reflect.GeneratedMethodAccessor3.invoke(Unknown Source)
	at sun.reflect.DelegatingMethodAccessorImpl.invoke(DelegatingMethodAccessorImpl.java:43)
	at java.lang.reflect.Method.invoke(Method.java:498)
	at org.jboss.arquillian.core.impl.ObserverImpl.invoke(ObserverImpl.java:86)
	at org.jboss.arquillian.core.impl.EventContextImpl.proceed(EventContextImpl.java:95)
	at org.jboss.arquillian.core.impl.ManagerImpl.fire(ManagerImpl.java:133)
	at org.jboss.arquillian.test.impl.EventTestRunnerAdaptor.test(EventTestRunnerAdaptor.java:122)
	at org.jboss.arquillian.testng.Arquillian.run(Arquillian.java:138)
	at org.testng.internal.MethodInvocationHelper.invokeHookable(MethodInvocationHelper.java:208)
	at org.testng.internal.Invoker.invokeMethod(Invoker.java:635)
	at org.testng.internal.Invoker.invokeTestMethod(Invoker.java:816)
	at org.testng.internal.Invoker.invokeTestMethods(Invoker.java:1124)
	at org.testng.internal.TestMethodWorker.invokeTestMethods(TestMethodWorker.java:125)
	at org.testng.internal.TestMethodWorker.run(TestMethodWorker.java:108)
	at org.testng.TestRunner.privateRun(TestRunner.java:774)
	at org.testng.TestRunner.run(TestRunner.java:624)
	at org.testng.SuiteRunner.runTest(SuiteRunner.java:359)
	at org.testng.SuiteRunner.runSequentially(SuiteRunner.java:354)
	at org.testng.SuiteRunner.privateRun(SuiteRunner.java:312)
	at org.testng.SuiteRunner.run(SuiteRunner.java:261)
	at org.testng.SuiteRunnerWorker.runSuite(SuiteRunnerWorker.java:52)
	at org.testng.SuiteRunnerWorker.run(SuiteRunnerWorker.java:86)
	at org.testng.TestNG.runSuitesSequentially(TestNG.java:1215)
	at org.testng.TestNG.runSuitesLocally(TestNG.java:1140)
	at org.testng.TestNG.run(TestNG.java:1048)
	at org.testng.remote.AbstractRemoteTestNG.run(AbstractRemoteTestNG.java:114)
	at org.testng.remote.RemoteTestNG.initAndRun(RemoteTestNG.java:251)
	at org.testng.remote.RemoteTestNG.main(RemoteTestNG.java:77)
]]>
            </full-stacktrace>
          </exception> <!-- java.lang.AssertionError -->
          <reporter-output>
          </reporter-output>
        </test-method> <!-- testGetConfigSources -->
        <test-method status="PASS" signature="arquillianAfterTest(java.lang.reflect.Method)[pri:0, instance:org.eclipse.microprofile.config.tck.ConfigProviderTest@167fdd33]" name="arquillianAfterTest" is-config="true" duration-ms="1" started-at="2018-01-24T16:45:54Z" finished-at="2018-01-24T16:45:54Z">
          <params>
            <param index="0">
              <value>
                <![CDATA[public void org.eclipse.microprofile.config.tck.ConfigProviderTest.testGetConfigSources()]]>
              </value>
            </param>
          </params>
          <reporter-output>
          </reporter-output>
        </test-method> <!-- arquillianAfterTest -->
        <test-method status="PASS" signature="arquillianBeforeTest(java.lang.reflect.Method)[pri:0, instance:org.eclipse.microprofile.config.tck.ConfigProviderTest@167fdd33]" name="arquillianBeforeTest" is-config="true" duration-ms="3" started-at="2018-01-24T16:45:54Z" finished-at="2018-01-24T16:45:54Z">
          <params>
            <param index="0">
              <value>
                <![CDATA[public void org.eclipse.microprofile.config.tck.ConfigProviderTest.testGetPropertyNames()]]>
              </value>
            </param>
          </params>
          <reporter-output>
          </reporter-output>
        </test-method> <!-- arquillianBeforeTest -->
        <test-method status="FAIL" signature="testGetPropertyNames()[pri:0, instance:org.eclipse.microprofile.config.tck.ConfigProviderTest@167fdd33]" name="testGetPropertyNames" duration-ms="9" started-at="2018-01-24T16:45:54Z" finished-at="2018-01-24T16:45:54Z">
          <exception class="java.lang.AssertionError">
            <message>
              <![CDATA[Unable to find property some.arbitrary.key]]>
            </message>
            <full-stacktrace>
              <![CDATA[java.lang.AssertionError: Unable to find property some.arbitrary.key
	at org.junit.Assert.fail(Assert.java:88)
	at org.junit.Assert.assertTrue(Assert.java:41)
	at org.eclipse.microprofile.config.tck.ConfigProviderTest.testGetPropertyNames(ConfigProviderTest.java:161)
	at sun.reflect.NativeMethodAccessorImpl.invoke0(Native Method)
	at sun.reflect.NativeMethodAccessorImpl.invoke(NativeMethodAccessorImpl.java:62)
	at sun.reflect.DelegatingMethodAccessorImpl.invoke(DelegatingMethodAccessorImpl.java:43)
	at java.lang.reflect.Method.invoke(Method.java:498)
	at org.testng.internal.MethodInvocationHelper.invokeMethod(MethodInvocationHelper.java:85)
	at org.testng.internal.MethodInvocationHelper$1.runTestMethod(MethodInvocationHelper.java:196)
	at org.jboss.arquillian.testng.Arquillian$2.invoke(Arquillian.java:145)
	at org.jboss.arquillian.container.test.impl.execution.LocalTestExecuter.execute(LocalTestExecuter.java:57)
	at sun.reflect.GeneratedMethodAccessor16.invoke(Unknown Source)
	at sun.reflect.DelegatingMethodAccessorImpl.invoke(DelegatingMethodAccessorImpl.java:43)
	at java.lang.reflect.Method.invoke(Method.java:498)
	at org.jboss.arquillian.core.impl.ObserverImpl.invoke(ObserverImpl.java:86)
	at org.jboss.arquillian.core.impl.EventContextImpl.invokeObservers(EventContextImpl.java:103)
	at org.jboss.arquillian.core.impl.EventContextImpl.proceed(EventContextImpl.java:90)
	at org.jboss.arquillian.core.impl.ManagerImpl.fire(ManagerImpl.java:133)
	at org.jboss.arquillian.core.impl.ManagerImpl.fire(ManagerImpl.java:105)
	at org.jboss.arquillian.core.impl.EventImpl.fire(EventImpl.java:62)
	at org.jboss.arquillian.container.test.impl.client.protocol.local.LocalContainerMethodExecutor.invoke(LocalContainerMethodExecutor.java:48)
	at org.jboss.arquillian.container.test.impl.execution.RemoteTestExecuter.execute(RemoteTestExecuter.java:103)
	at sun.reflect.GeneratedMethodAccessor15.invoke(Unknown Source)
	at sun.reflect.DelegatingMethodAccessorImpl.invoke(DelegatingMethodAccessorImpl.java:43)
	at java.lang.reflect.Method.invoke(Method.java:498)
	at org.jboss.arquillian.core.impl.ObserverImpl.invoke(ObserverImpl.java:86)
	at org.jboss.arquillian.core.impl.EventContextImpl.invokeObservers(EventContextImpl.java:103)
	at org.jboss.arquillian.core.impl.EventContextImpl.proceed(EventContextImpl.java:90)
	at org.jboss.arquillian.core.impl.ManagerImpl.fire(ManagerImpl.java:133)
	at org.jboss.arquillian.core.impl.ManagerImpl.fire(ManagerImpl.java:105)
	at org.jboss.arquillian.core.impl.EventImpl.fire(EventImpl.java:62)
	at org.jboss.arquillian.container.test.impl.execution.ClientTestExecuter.execute(ClientTestExecuter.java:52)
	at sun.reflect.GeneratedMethodAccessor14.invoke(Unknown Source)
	at sun.reflect.DelegatingMethodAccessorImpl.invoke(DelegatingMethodAccessorImpl.java:43)
	at java.lang.reflect.Method.invoke(Method.java:498)
	at org.jboss.arquillian.core.impl.ObserverImpl.invoke(ObserverImpl.java:86)
	at org.jboss.arquillian.core.impl.EventContextImpl.invokeObservers(EventContextImpl.java:103)
	at org.jboss.arquillian.core.impl.EventContextImpl.proceed(EventContextImpl.java:90)
	at org.jboss.arquillian.container.test.impl.client.ContainerEventController.createContext(ContainerEventController.java:128)
	at org.jboss.arquillian.container.test.impl.client.ContainerEventController.createTestContext(ContainerEventController.java:118)
	at sun.reflect.GeneratedMethodAccessor13.invoke(Unknown Source)
	at sun.reflect.DelegatingMethodAccessorImpl.invoke(DelegatingMethodAccessorImpl.java:43)
	at java.lang.reflect.Method.invoke(Method.java:498)
	at org.jboss.arquillian.core.impl.ObserverImpl.invoke(ObserverImpl.java:86)
	at org.jboss.arquillian.core.impl.EventContextImpl.proceed(EventContextImpl.java:95)
	at org.jboss.arquillian.test.impl.TestContextHandler.createTestContext(TestContextHandler.java:116)
	at sun.reflect.GeneratedMethodAccessor5.invoke(Unknown Source)
	at sun.reflect.DelegatingMethodAccessorImpl.invoke(DelegatingMethodAccessorImpl.java:43)
	at java.lang.reflect.Method.invoke(Method.java:498)
	at org.jboss.arquillian.core.impl.ObserverImpl.invoke(ObserverImpl.java:86)
	at org.jboss.arquillian.core.impl.EventContextImpl.proceed(EventContextImpl.java:95)
	at org.jboss.arquillian.test.impl.TestContextHandler.createClassContext(TestContextHandler.java:83)
	at sun.reflect.GeneratedMethodAccessor4.invoke(Unknown Source)
	at sun.reflect.DelegatingMethodAccessorImpl.invoke(DelegatingMethodAccessorImpl.java:43)
	at java.lang.reflect.Method.invoke(Method.java:498)
	at org.jboss.arquillian.core.impl.ObserverImpl.invoke(ObserverImpl.java:86)
	at org.jboss.arquillian.core.impl.EventContextImpl.proceed(EventContextImpl.java:95)
	at org.jboss.arquillian.test.impl.TestContextHandler.createSuiteContext(TestContextHandler.java:69)
	at sun.reflect.GeneratedMethodAccessor3.invoke(Unknown Source)
	at sun.reflect.DelegatingMethodAccessorImpl.invoke(DelegatingMethodAccessorImpl.java:43)
	at java.lang.reflect.Method.invoke(Method.java:498)
	at org.jboss.arquillian.core.impl.ObserverImpl.invoke(ObserverImpl.java:86)
	at org.jboss.arquillian.core.impl.EventContextImpl.proceed(EventContextImpl.java:95)
	at org.jboss.arquillian.core.impl.ManagerImpl.fire(ManagerImpl.java:133)
	at org.jboss.arquillian.test.impl.EventTestRunnerAdaptor.test(EventTestRunnerAdaptor.java:122)
	at org.jboss.arquillian.testng.Arquillian.run(Arquillian.java:138)
	at org.testng.internal.MethodInvocationHelper.invokeHookable(MethodInvocationHelper.java:208)
	at org.testng.internal.Invoker.invokeMethod(Invoker.java:635)
	at org.testng.internal.Invoker.invokeTestMethod(Invoker.java:816)
	at org.testng.internal.Invoker.invokeTestMethods(Invoker.java:1124)
	at org.testng.internal.TestMethodWorker.invokeTestMethods(TestMethodWorker.java:125)
	at org.testng.internal.TestMethodWorker.run(TestMethodWorker.java:108)
	at org.testng.TestRunner.privateRun(TestRunner.java:774)
	at org.testng.TestRunner.run(TestRunner.java:624)
	at org.testng.SuiteRunner.runTest(SuiteRunner.java:359)
	at org.testng.SuiteRunner.runSequentially(SuiteRunner.java:354)
	at org.testng.SuiteRunner.privateRun(SuiteRunner.java:312)
	at org.testng.SuiteRunner.run(SuiteRunner.java:261)
	at org.testng.SuiteRunnerWorker.runSuite(SuiteRunnerWorker.java:52)
	at org.testng.SuiteRunnerWorker.run(SuiteRunnerWorker.java:86)
	at org.testng.TestNG.runSuitesSequentially(TestNG.java:1215)
	at org.testng.TestNG.runSuitesLocally(TestNG.java:1140)
	at org.testng.TestNG.run(TestNG.java:1048)
	at org.testng.remote.AbstractRemoteTestNG.run(AbstractRemoteTestNG.java:114)
	at org.testng.remote.RemoteTestNG.initAndRun(RemoteTestNG.java:251)
	at org.testng.remote.RemoteTestNG.main(RemoteTestNG.java:77)
]]>
            </full-stacktrace>
          </exception> <!-- java.lang.AssertionError -->
          <reporter-output>
          </reporter-output>
        </test-method> <!-- testGetPropertyNames -->
        <test-method status="PASS" signature="arquillianAfterTest(java.lang.reflect.Method)[pri:0, instance:org.eclipse.microprofile.config.tck.ConfigProviderTest@167fdd33]" name="arquillianAfterTest" is-config="true" duration-ms="1" started-at="2018-01-24T16:45:54Z" finished-at="2018-01-24T16:45:54Z">
          <params>
            <param index="0">
              <value>
                <![CDATA[public void org.eclipse.microprofile.config.tck.ConfigProviderTest.testGetPropertyNames()]]>
              </value>
            </param>
          </params>
          <reporter-output>
          </reporter-output>
        </test-method> <!-- arquillianAfterTest -->
        <test-method status="PASS" signature="arquillianBeforeTest(java.lang.reflect.Method)[pri:0, instance:org.eclipse.microprofile.config.tck.ConfigProviderTest@167fdd33]" name="arquillianBeforeTest" is-config="true" duration-ms="3" started-at="2018-01-24T16:45:54Z" finished-at="2018-01-24T16:45:54Z">
          <params>
            <param index="0">
              <value>
                <![CDATA[public void org.eclipse.microprofile.config.tck.ConfigProviderTest.testInjectedConfigSerializable()]]>
              </value>
            </param>
          </params>
          <reporter-output>
          </reporter-output>
        </test-method> <!-- arquillianBeforeTest -->
        <test-method status="PASS" signature="testInjectedConfigSerializable()[pri:0, instance:org.eclipse.microprofile.config.tck.ConfigProviderTest@167fdd33]" name="testInjectedConfigSerializable" duration-ms="27" started-at="2018-01-24T16:45:54Z" finished-at="2018-01-24T16:45:54Z">
          <reporter-output>
          </reporter-output>
        </test-method> <!-- testInjectedConfigSerializable -->
        <test-method status="PASS" signature="arquillianAfterTest(java.lang.reflect.Method)[pri:0, instance:org.eclipse.microprofile.config.tck.ConfigProviderTest@167fdd33]" name="arquillianAfterTest" is-config="true" duration-ms="1" started-at="2018-01-24T16:45:54Z" finished-at="2018-01-24T16:45:54Z">
          <params>
            <param index="0">
              <value>
                <![CDATA[public void org.eclipse.microprofile.config.tck.ConfigProviderTest.testInjectedConfigSerializable()]]>
              </value>
            </param>
          </params>
          <reporter-output>
          </reporter-output>
        </test-method> <!-- arquillianAfterTest -->
        <test-method status="PASS" signature="arquillianBeforeTest(java.lang.reflect.Method)[pri:0, instance:org.eclipse.microprofile.config.tck.ConfigProviderTest@167fdd33]" name="arquillianBeforeTest" is-config="true" duration-ms="2" started-at="2018-01-24T16:45:54Z" finished-at="2018-01-24T16:45:54Z">
          <params>
            <param index="0">
              <value>
                <![CDATA[public void org.eclipse.microprofile.config.tck.ConfigProviderTest.testJavaConfigPropertyFilesConfigSource()]]>
              </value>
            </param>
          </params>
          <reporter-output>
          </reporter-output>
        </test-method> <!-- arquillianBeforeTest -->
        <test-method status="PASS" signature="testJavaConfigPropertyFilesConfigSource()[pri:0, instance:org.eclipse.microprofile.config.tck.ConfigProviderTest@167fdd33]" name="testJavaConfigPropertyFilesConfigSource" duration-ms="3" started-at="2018-01-24T16:45:54Z" finished-at="2018-01-24T16:45:54Z">
          <reporter-output>
          </reporter-output>
        </test-method> <!-- testJavaConfigPropertyFilesConfigSource -->
        <test-method status="PASS" signature="arquillianAfterTest(java.lang.reflect.Method)[pri:0, instance:org.eclipse.microprofile.config.tck.ConfigProviderTest@167fdd33]" name="arquillianAfterTest" is-config="true" duration-ms="1" started-at="2018-01-24T16:45:54Z" finished-at="2018-01-24T16:45:54Z">
          <params>
            <param index="0">
              <value>
                <![CDATA[public void org.eclipse.microprofile.config.tck.ConfigProviderTest.testJavaConfigPropertyFilesConfigSource()]]>
              </value>
            </param>
          </params>
          <reporter-output>
          </reporter-output>
        </test-method> <!-- arquillianAfterTest -->
        <test-method status="PASS" signature="arquillianBeforeTest(java.lang.reflect.Method)[pri:0, instance:org.eclipse.microprofile.config.tck.ConfigProviderTest@167fdd33]" name="arquillianBeforeTest" is-config="true" duration-ms="3" started-at="2018-01-24T16:45:54Z" finished-at="2018-01-24T16:45:54Z">
          <params>
            <param index="0">
              <value>
                <![CDATA[public void org.eclipse.microprofile.config.tck.ConfigProviderTest.testNonExistingConfigKey()]]>
              </value>
            </param>
          </params>
          <reporter-output>
          </reporter-output>
        </test-method> <!-- arquillianBeforeTest -->
        <test-method status="PASS" signature="testNonExistingConfigKey()[pri:0, instance:org.eclipse.microprofile.config.tck.ConfigProviderTest@167fdd33]" name="testNonExistingConfigKey" duration-ms="3" started-at="2018-01-24T16:45:54Z" finished-at="2018-01-24T16:45:54Z">
          <reporter-output>
          </reporter-output>
        </test-method> <!-- testNonExistingConfigKey -->
        <test-method status="PASS" signature="arquillianAfterTest(java.lang.reflect.Method)[pri:0, instance:org.eclipse.microprofile.config.tck.ConfigProviderTest@167fdd33]" name="arquillianAfterTest" is-config="true" duration-ms="1" started-at="2018-01-24T16:45:54Z" finished-at="2018-01-24T16:45:54Z">
          <params>
            <param index="0">
              <value>
                <![CDATA[public void org.eclipse.microprofile.config.tck.ConfigProviderTest.testNonExistingConfigKey()]]>
              </value>
            </param>
          </params>
          <reporter-output>
          </reporter-output>
        </test-method> <!-- arquillianAfterTest -->
        <test-method status="PASS" signature="arquillianBeforeTest(java.lang.reflect.Method)[pri:0, instance:org.eclipse.microprofile.config.tck.ConfigProviderTest@167fdd33]" name="arquillianBeforeTest" is-config="true" duration-ms="2" started-at="2018-01-24T16:45:54Z" finished-at="2018-01-24T16:45:54Z">
          <params>
            <param index="0">
              <value>
                <![CDATA[public void org.eclipse.microprofile.config.tck.ConfigProviderTest.testNonExistingConfigKeyGet()]]>
              </value>
            </param>
          </params>
          <reporter-output>
          </reporter-output>
        </test-method> <!-- arquillianBeforeTest -->
        <test-method status="FAIL" signature="testNonExistingConfigKeyGet()[pri:0, instance:org.eclipse.microprofile.config.tck.ConfigProviderTest@167fdd33]" name="testNonExistingConfigKeyGet" duration-ms="3" started-at="2018-01-24T16:45:54Z" finished-at="2018-01-24T16:45:54Z">
          <exception class="org.testng.TestException">
            <message>
              <![CDATA[
Method ConfigProviderTest.testNonExistingConfigKeyGet()[pri:0, instance:org.eclipse.microprofile.config.tck.ConfigProviderTest@167fdd33] should have thrown an exception of type class java.util.NoSuchElementException]]>
            </message>
            <full-stacktrace>
              <![CDATA[org.testng.TestException: 
Method ConfigProviderTest.testNonExistingConfigKeyGet()[pri:0, instance:org.eclipse.microprofile.config.tck.ConfigProviderTest@167fdd33] should have thrown an exception of type class java.util.NoSuchElementException
	at org.testng.internal.ExpectedExceptionsHolder.noException(ExpectedExceptionsHolder.java:89)
	at org.testng.internal.Invoker.handleInvocationResults(Invoker.java:1376)
	at org.testng.internal.Invoker.invokeMethod(Invoker.java:677)
	at org.testng.internal.Invoker.invokeTestMethod(Invoker.java:816)
	at org.testng.internal.Invoker.invokeTestMethods(Invoker.java:1124)
	at org.testng.internal.TestMethodWorker.invokeTestMethods(TestMethodWorker.java:125)
	at org.testng.internal.TestMethodWorker.run(TestMethodWorker.java:108)
	at org.testng.TestRunner.privateRun(TestRunner.java:774)
	at org.testng.TestRunner.run(TestRunner.java:624)
	at org.testng.SuiteRunner.runTest(SuiteRunner.java:359)
	at org.testng.SuiteRunner.runSequentially(SuiteRunner.java:354)
	at org.testng.SuiteRunner.privateRun(SuiteRunner.java:312)
	at org.testng.SuiteRunner.run(SuiteRunner.java:261)
	at org.testng.SuiteRunnerWorker.runSuite(SuiteRunnerWorker.java:52)
	at org.testng.SuiteRunnerWorker.run(SuiteRunnerWorker.java:86)
	at org.testng.TestNG.runSuitesSequentially(TestNG.java:1215)
	at org.testng.TestNG.runSuitesLocally(TestNG.java:1140)
	at org.testng.TestNG.run(TestNG.java:1048)
	at org.testng.remote.AbstractRemoteTestNG.run(AbstractRemoteTestNG.java:114)
	at org.testng.remote.RemoteTestNG.initAndRun(RemoteTestNG.java:251)
	at org.testng.remote.RemoteTestNG.main(RemoteTestNG.java:77)
]]>
            </full-stacktrace>
          </exception> <!-- org.testng.TestException -->
          <reporter-output>
          </reporter-output>
        </test-method> <!-- testNonExistingConfigKeyGet -->
        <test-method status="PASS" signature="arquillianAfterTest(java.lang.reflect.Method)[pri:0, instance:org.eclipse.microprofile.config.tck.ConfigProviderTest@167fdd33]" name="arquillianAfterTest" is-config="true" duration-ms="1" started-at="2018-01-24T16:45:54Z" finished-at="2018-01-24T16:45:54Z">
          <params>
            <param index="0">
              <value>
                <![CDATA[public void org.eclipse.microprofile.config.tck.ConfigProviderTest.testNonExistingConfigKeyGet()]]>
              </value>
            </param>
          </params>
          <reporter-output>
          </reporter-output>
        </test-method> <!-- arquillianAfterTest -->
        <test-method status="PASS" signature="arquillianBeforeTest(java.lang.reflect.Method)[pri:0, instance:org.eclipse.microprofile.config.tck.ConfigProviderTest@167fdd33]" name="arquillianBeforeTest" is-config="true" duration-ms="2" started-at="2018-01-24T16:45:54Z" finished-at="2018-01-24T16:45:54Z">
          <params>
            <param index="0">
              <value>
                <![CDATA[public void org.eclipse.microprofile.config.tck.ConfigProviderTest.testPropertyConfigSource()]]>
              </value>
            </param>
          </params>
          <reporter-output>
          </reporter-output>
        </test-method> <!-- arquillianBeforeTest -->
        <test-method status="FAIL" signature="testPropertyConfigSource()[pri:0, instance:org.eclipse.microprofile.config.tck.ConfigProviderTest@167fdd33]" name="testPropertyConfigSource" duration-ms="4" started-at="2018-01-24T16:45:54Z" finished-at="2018-01-24T16:45:54Z">
          <exception class="java.lang.AssertionError">
            <message>
              <![CDATA[expected [null] but found [value]]]>
            </message>
            <full-stacktrace>
              <![CDATA[java.lang.AssertionError: expected [null] but found [value]
	at org.testng.Assert.fail(Assert.java:94)
	at org.testng.Assert.failNotEquals(Assert.java:496)
	at org.testng.Assert.assertEquals(Assert.java:116)
	at org.testng.Assert.assertEquals(Assert.java:178)
	at org.testng.Assert.assertEquals(Assert.java:188)
	at org.eclipse.microprofile.config.tck.ConfigProviderTest.testPropertyConfigSource(ConfigProviderTest.java:89)
	at sun.reflect.NativeMethodAccessorImpl.invoke0(Native Method)
	at sun.reflect.NativeMethodAccessorImpl.invoke(NativeMethodAccessorImpl.java:62)
	at sun.reflect.DelegatingMethodAccessorImpl.invoke(DelegatingMethodAccessorImpl.java:43)
	at java.lang.reflect.Method.invoke(Method.java:498)
	at org.testng.internal.MethodInvocationHelper.invokeMethod(MethodInvocationHelper.java:85)
	at org.testng.internal.MethodInvocationHelper$1.runTestMethod(MethodInvocationHelper.java:196)
	at org.jboss.arquillian.testng.Arquillian$2.invoke(Arquillian.java:145)
	at org.jboss.arquillian.container.test.impl.execution.LocalTestExecuter.execute(LocalTestExecuter.java:57)
	at sun.reflect.GeneratedMethodAccessor16.invoke(Unknown Source)
	at sun.reflect.DelegatingMethodAccessorImpl.invoke(DelegatingMethodAccessorImpl.java:43)
	at java.lang.reflect.Method.invoke(Method.java:498)
	at org.jboss.arquillian.core.impl.ObserverImpl.invoke(ObserverImpl.java:86)
	at org.jboss.arquillian.core.impl.EventContextImpl.invokeObservers(EventContextImpl.java:103)
	at org.jboss.arquillian.core.impl.EventContextImpl.proceed(EventContextImpl.java:90)
	at org.jboss.arquillian.core.impl.ManagerImpl.fire(ManagerImpl.java:133)
	at org.jboss.arquillian.core.impl.ManagerImpl.fire(ManagerImpl.java:105)
	at org.jboss.arquillian.core.impl.EventImpl.fire(EventImpl.java:62)
	at org.jboss.arquillian.container.test.impl.client.protocol.local.LocalContainerMethodExecutor.invoke(LocalContainerMethodExecutor.java:48)
	at org.jboss.arquillian.container.test.impl.execution.RemoteTestExecuter.execute(RemoteTestExecuter.java:103)
	at sun.reflect.GeneratedMethodAccessor15.invoke(Unknown Source)
	at sun.reflect.DelegatingMethodAccessorImpl.invoke(DelegatingMethodAccessorImpl.java:43)
	at java.lang.reflect.Method.invoke(Method.java:498)
	at org.jboss.arquillian.core.impl.ObserverImpl.invoke(ObserverImpl.java:86)
	at org.jboss.arquillian.core.impl.EventContextImpl.invokeObservers(EventContextImpl.java:103)
	at org.jboss.arquillian.core.impl.EventContextImpl.proceed(EventContextImpl.java:90)
	at org.jboss.arquillian.core.impl.ManagerImpl.fire(ManagerImpl.java:133)
	at org.jboss.arquillian.core.impl.ManagerImpl.fire(ManagerImpl.java:105)
	at org.jboss.arquillian.core.impl.EventImpl.fire(EventImpl.java:62)
	at org.jboss.arquillian.container.test.impl.execution.ClientTestExecuter.execute(ClientTestExecuter.java:52)
	at sun.reflect.GeneratedMethodAccessor14.invoke(Unknown Source)
	at sun.reflect.DelegatingMethodAccessorImpl.invoke(DelegatingMethodAccessorImpl.java:43)
	at java.lang.reflect.Method.invoke(Method.java:498)
	at org.jboss.arquillian.core.impl.ObserverImpl.invoke(ObserverImpl.java:86)
	at org.jboss.arquillian.core.impl.EventContextImpl.invokeObservers(EventContextImpl.java:103)
	at org.jboss.arquillian.core.impl.EventContextImpl.proceed(EventContextImpl.java:90)
	at org.jboss.arquillian.container.test.impl.client.ContainerEventController.createContext(ContainerEventController.java:128)
	at org.jboss.arquillian.container.test.impl.client.ContainerEventController.createTestContext(ContainerEventController.java:118)
	at sun.reflect.GeneratedMethodAccessor13.invoke(Unknown Source)
	at sun.reflect.DelegatingMethodAccessorImpl.invoke(DelegatingMethodAccessorImpl.java:43)
	at java.lang.reflect.Method.invoke(Method.java:498)
	at org.jboss.arquillian.core.impl.ObserverImpl.invoke(ObserverImpl.java:86)
	at org.jboss.arquillian.core.impl.EventContextImpl.proceed(EventContextImpl.java:95)
	at org.jboss.arquillian.test.impl.TestContextHandler.createTestContext(TestContextHandler.java:116)
	at sun.reflect.GeneratedMethodAccessor5.invoke(Unknown Source)
	at sun.reflect.DelegatingMethodAccessorImpl.invoke(DelegatingMethodAccessorImpl.java:43)
	at java.lang.reflect.Method.invoke(Method.java:498)
	at org.jboss.arquillian.core.impl.ObserverImpl.invoke(ObserverImpl.java:86)
	at org.jboss.arquillian.core.impl.EventContextImpl.proceed(EventContextImpl.java:95)
	at org.jboss.arquillian.test.impl.TestContextHandler.createClassContext(TestContextHandler.java:83)
	at sun.reflect.GeneratedMethodAccessor4.invoke(Unknown Source)
	at sun.reflect.DelegatingMethodAccessorImpl.invoke(DelegatingMethodAccessorImpl.java:43)
	at java.lang.reflect.Method.invoke(Method.java:498)
	at org.jboss.arquillian.core.impl.ObserverImpl.invoke(ObserverImpl.java:86)
	at org.jboss.arquillian.core.impl.EventContextImpl.proceed(EventContextImpl.java:95)
	at org.jboss.arquillian.test.impl.TestContextHandler.createSuiteContext(TestContextHandler.java:69)
	at sun.reflect.GeneratedMethodAccessor3.invoke(Unknown Source)
	at sun.reflect.DelegatingMethodAccessorImpl.invoke(DelegatingMethodAccessorImpl.java:43)
	at java.lang.reflect.Method.invoke(Method.java:498)
	at org.jboss.arquillian.core.impl.ObserverImpl.invoke(ObserverImpl.java:86)
	at org.jboss.arquillian.core.impl.EventContextImpl.proceed(EventContextImpl.java:95)
	at org.jboss.arquillian.core.impl.ManagerImpl.fire(ManagerImpl.java:133)
	at org.jboss.arquillian.test.impl.EventTestRunnerAdaptor.test(EventTestRunnerAdaptor.java:122)
	at org.jboss.arquillian.testng.Arquillian.run(Arquillian.java:138)
	at org.testng.internal.MethodInvocationHelper.invokeHookable(MethodInvocationHelper.java:208)
	at org.testng.internal.Invoker.invokeMethod(Invoker.java:635)
	at org.testng.internal.Invoker.invokeTestMethod(Invoker.java:816)
	at org.testng.internal.Invoker.invokeTestMethods(Invoker.java:1124)
	at org.testng.internal.TestMethodWorker.invokeTestMethods(TestMethodWorker.java:125)
	at org.testng.internal.TestMethodWorker.run(TestMethodWorker.java:108)
	at org.testng.TestRunner.privateRun(TestRunner.java:774)
	at org.testng.TestRunner.run(TestRunner.java:624)
	at org.testng.SuiteRunner.runTest(SuiteRunner.java:359)
	at org.testng.SuiteRunner.runSequentially(SuiteRunner.java:354)
	at org.testng.SuiteRunner.privateRun(SuiteRunner.java:312)
	at org.testng.SuiteRunner.run(SuiteRunner.java:261)
	at org.testng.SuiteRunnerWorker.runSuite(SuiteRunnerWorker.java:52)
	at org.testng.SuiteRunnerWorker.run(SuiteRunnerWorker.java:86)
	at org.testng.TestNG.runSuitesSequentially(TestNG.java:1215)
	at org.testng.TestNG.runSuitesLocally(TestNG.java:1140)
	at org.testng.TestNG.run(TestNG.java:1048)
	at org.testng.remote.AbstractRemoteTestNG.run(AbstractRemoteTestNG.java:114)
	at org.testng.remote.RemoteTestNG.initAndRun(RemoteTestNG.java:251)
	at org.testng.remote.RemoteTestNG.main(RemoteTestNG.java:77)
]]>
            </full-stacktrace>
          </exception> <!-- java.lang.AssertionError -->
          <reporter-output>
          </reporter-output>
        </test-method> <!-- testPropertyConfigSource -->
        <test-method status="PASS" signature="arquillianAfterTest(java.lang.reflect.Method)[pri:0, instance:org.eclipse.microprofile.config.tck.ConfigProviderTest@167fdd33]" name="arquillianAfterTest" is-config="true" duration-ms="1" started-at="2018-01-24T16:45:54Z" finished-at="2018-01-24T16:45:54Z">
          <params>
            <param index="0">
              <value>
                <![CDATA[public void org.eclipse.microprofile.config.tck.ConfigProviderTest.testPropertyConfigSource()]]>
              </value>
            </param>
          </params>
          <reporter-output>
          </reporter-output>
        </test-method> <!-- arquillianAfterTest -->
        <test-method status="PASS" signature="arquillianAfterClass()[pri:0, instance:org.eclipse.microprofile.config.tck.ConfigProviderTest@167fdd33]" name="arquillianAfterClass" is-config="true" duration-ms="3" started-at="2018-01-24T16:45:54Z" finished-at="2018-01-24T16:45:54Z">
          <reporter-output>
          </reporter-output>
        </test-method> <!-- arquillianAfterClass -->
      </class> <!-- org.eclipse.microprofile.config.tck.ConfigProviderTest -->
      <class name="org.eclipse.microprofile.config.tck.broken.MissingConverterOnInstanceInjectionTest">
        <test-method status="FAIL" signature="arquillianBeforeClass()[pri:0, instance:org.eclipse.microprofile.config.tck.broken.MissingConverterOnInstanceInjectionTest@3b088d51]" name="arquillianBeforeClass" is-config="true" duration-ms="0" started-at="2018-01-24T16:45:54Z" finished-at="2018-01-24T16:45:54Z">
          <exception class="java.lang.RuntimeException">
            <message>
              <![CDATA[Expected exception of type javax.enterprise.inject.spi.DeploymentException during deployment of _DEFAULT_, but no exception was thrown.]]>
            </message>
            <full-stacktrace>
              <![CDATA[java.lang.RuntimeException: Expected exception of type javax.enterprise.inject.spi.DeploymentException during deployment of _DEFAULT_, but no exception was thrown.
	at org.jboss.arquillian.container.impl.client.container.DeploymentExceptionHandler.verifyExpectedExceptionDuringDeploy(DeploymentExceptionHandler.java:55)
	at sun.reflect.NativeMethodAccessorImpl.invoke0(Native Method)
	at sun.reflect.NativeMethodAccessorImpl.invoke(NativeMethodAccessorImpl.java:62)
	at sun.reflect.DelegatingMethodAccessorImpl.invoke(DelegatingMethodAccessorImpl.java:43)
	at java.lang.reflect.Method.invoke(Method.java:498)
	at org.jboss.arquillian.core.impl.ObserverImpl.invoke(ObserverImpl.java:86)
	at org.jboss.arquillian.core.impl.EventContextImpl.proceed(EventContextImpl.java:95)
	at org.jboss.arquillian.core.impl.ManagerImpl.fire(ManagerImpl.java:133)
	at org.jboss.arquillian.core.impl.ManagerImpl.fire(ManagerImpl.java:105)
	at org.jboss.arquillian.core.impl.EventImpl.fire(EventImpl.java:62)
	at org.jboss.arquillian.container.impl.client.container.ContainerDeployController$1.perform(ContainerDeployController.java:92)
	at org.jboss.arquillian.container.impl.client.container.ContainerDeployController$1.perform(ContainerDeployController.java:77)
	at org.jboss.arquillian.container.impl.client.container.ContainerDeployController.forEachDeployment(ContainerDeployController.java:232)
	at org.jboss.arquillian.container.impl.client.container.ContainerDeployController.forEachManagedDeployment(ContainerDeployController.java:212)
	at org.jboss.arquillian.container.impl.client.container.ContainerDeployController.deployManaged(ContainerDeployController.java:77)
	at sun.reflect.NativeMethodAccessorImpl.invoke0(Native Method)
	at sun.reflect.NativeMethodAccessorImpl.invoke(NativeMethodAccessorImpl.java:62)
	at sun.reflect.DelegatingMethodAccessorImpl.invoke(DelegatingMethodAccessorImpl.java:43)
	at java.lang.reflect.Method.invoke(Method.java:498)
	at org.jboss.arquillian.core.impl.ObserverImpl.invoke(ObserverImpl.java:86)
	at org.jboss.arquillian.core.impl.EventContextImpl.invokeObservers(EventContextImpl.java:103)
	at org.jboss.arquillian.core.impl.EventContextImpl.proceed(EventContextImpl.java:90)
	at org.jboss.arquillian.core.impl.ManagerImpl.fire(ManagerImpl.java:133)
	at org.jboss.arquillian.core.impl.ManagerImpl.fire(ManagerImpl.java:105)
	at org.jboss.arquillian.core.impl.EventImpl.fire(EventImpl.java:62)
	at org.jboss.arquillian.container.test.impl.client.ContainerEventController.execute(ContainerEventController.java:96)
	at sun.reflect.NativeMethodAccessorImpl.invoke0(Native Method)
	at sun.reflect.NativeMethodAccessorImpl.invoke(NativeMethodAccessorImpl.java:62)
	at sun.reflect.DelegatingMethodAccessorImpl.invoke(DelegatingMethodAccessorImpl.java:43)
	at java.lang.reflect.Method.invoke(Method.java:498)
	at org.jboss.arquillian.core.impl.ObserverImpl.invoke(ObserverImpl.java:86)
	at org.jboss.arquillian.core.impl.EventContextImpl.invokeObservers(EventContextImpl.java:103)
	at org.jboss.arquillian.core.impl.EventContextImpl.proceed(EventContextImpl.java:90)
	at org.jboss.arquillian.test.impl.TestContextHandler.createClassContext(TestContextHandler.java:83)
	at sun.reflect.GeneratedMethodAccessor4.invoke(Unknown Source)
	at sun.reflect.DelegatingMethodAccessorImpl.invoke(DelegatingMethodAccessorImpl.java:43)
	at java.lang.reflect.Method.invoke(Method.java:498)
	at org.jboss.arquillian.core.impl.ObserverImpl.invoke(ObserverImpl.java:86)
	at org.jboss.arquillian.core.impl.EventContextImpl.proceed(EventContextImpl.java:95)
	at org.jboss.arquillian.test.impl.TestContextHandler.createSuiteContext(TestContextHandler.java:69)
	at sun.reflect.GeneratedMethodAccessor3.invoke(Unknown Source)
	at sun.reflect.DelegatingMethodAccessorImpl.invoke(DelegatingMethodAccessorImpl.java:43)
	at java.lang.reflect.Method.invoke(Method.java:498)
	at org.jboss.arquillian.core.impl.ObserverImpl.invoke(ObserverImpl.java:86)
	at org.jboss.arquillian.core.impl.EventContextImpl.proceed(EventContextImpl.java:95)
	at org.jboss.arquillian.core.impl.ManagerImpl.fire(ManagerImpl.java:133)
	at org.jboss.arquillian.core.impl.ManagerImpl.fire(ManagerImpl.java:105)
	at org.jboss.arquillian.test.impl.EventTestRunnerAdaptor.beforeClass(EventTestRunnerAdaptor.java:80)
	at org.jboss.arquillian.testng.Arquillian.arquillianBeforeClass(Arquillian.java:96)
	at sun.reflect.NativeMethodAccessorImpl.invoke0(Native Method)
	at sun.reflect.NativeMethodAccessorImpl.invoke(NativeMethodAccessorImpl.java:62)
	at sun.reflect.DelegatingMethodAccessorImpl.invoke(DelegatingMethodAccessorImpl.java:43)
	at java.lang.reflect.Method.invoke(Method.java:498)
	at org.testng.internal.MethodInvocationHelper.invokeMethod(MethodInvocationHelper.java:85)
	at org.testng.internal.Invoker.invokeConfigurationMethod(Invoker.java:510)
	at org.testng.internal.Invoker.invokeConfigurations(Invoker.java:211)
	at org.testng.internal.Invoker.invokeConfigurations(Invoker.java:138)
	at org.testng.internal.TestMethodWorker.invokeBeforeClassMethods(TestMethodWorker.java:170)
	at org.testng.internal.TestMethodWorker.run(TestMethodWorker.java:104)
	at org.testng.TestRunner.privateRun(TestRunner.java:774)
	at org.testng.TestRunner.run(TestRunner.java:624)
	at org.testng.SuiteRunner.runTest(SuiteRunner.java:359)
	at org.testng.SuiteRunner.runSequentially(SuiteRunner.java:354)
	at org.testng.SuiteRunner.privateRun(SuiteRunner.java:312)
	at org.testng.SuiteRunner.run(SuiteRunner.java:261)
	at org.testng.SuiteRunnerWorker.runSuite(SuiteRunnerWorker.java:52)
	at org.testng.SuiteRunnerWorker.run(SuiteRunnerWorker.java:86)
	at org.testng.TestNG.runSuitesSequentially(TestNG.java:1215)
	at org.testng.TestNG.runSuitesLocally(TestNG.java:1140)
	at org.testng.TestNG.run(TestNG.java:1048)
	at org.testng.remote.AbstractRemoteTestNG.run(AbstractRemoteTestNG.java:114)
	at org.testng.remote.RemoteTestNG.initAndRun(RemoteTestNG.java:251)
	at org.testng.remote.RemoteTestNG.main(RemoteTestNG.java:77)
]]>
            </full-stacktrace>
          </exception> <!-- java.lang.RuntimeException -->
          <reporter-output>
          </reporter-output>
        </test-method> <!-- arquillianBeforeClass -->
        <test-method status="SKIP" signature="arquillianBeforeTest(java.lang.reflect.Method)[pri:0, instance:org.eclipse.microprofile.config.tck.broken.MissingConverterOnInstanceInjectionTest@3b088d51]" name="arquillianBeforeTest" is-config="true" duration-ms="0" started-at="2018-01-24T16:45:54Z" finished-at="2018-01-24T16:45:54Z">
          <reporter-output>
          </reporter-output>
        </test-method> <!-- arquillianBeforeTest -->
        <test-method status="SKIP" signature="test()[pri:0, instance:org.eclipse.microprofile.config.tck.broken.MissingConverterOnInstanceInjectionTest@3b088d51]" name="test" duration-ms="1" started-at="2018-01-24T16:45:54Z" finished-at="2018-01-24T16:45:54Z">
          <reporter-output>
          </reporter-output>
        </test-method> <!-- test -->
        <test-method status="PASS" signature="arquillianAfterTest(java.lang.reflect.Method)[pri:0, instance:org.eclipse.microprofile.config.tck.broken.MissingConverterOnInstanceInjectionTest@3b088d51]" name="arquillianAfterTest" is-config="true" duration-ms="0" started-at="2018-01-24T16:45:54Z" finished-at="2018-01-24T16:45:54Z">
          <params>
            <param index="0">
              <value>
                <![CDATA[public void org.eclipse.microprofile.config.tck.broken.MissingConverterOnInstanceInjectionTest.test()]]>
              </value>
            </param>
          </params>
          <reporter-output>
          </reporter-output>
        </test-method> <!-- arquillianAfterTest -->
        <test-method status="PASS" signature="arquillianAfterClass()[pri:0, instance:org.eclipse.microprofile.config.tck.broken.MissingConverterOnInstanceInjectionTest@3b088d51]" name="arquillianAfterClass" is-config="true" duration-ms="4" started-at="2018-01-24T16:45:54Z" finished-at="2018-01-24T16:45:54Z">
          <reporter-output>
          </reporter-output>
        </test-method> <!-- arquillianAfterClass -->
      </class> <!-- org.eclipse.microprofile.config.tck.broken.MissingConverterOnInstanceInjectionTest -->
      <class name="org.eclipse.microprofile.config.tck.broken.MissingValueOnInstanceInjectionTest">
        <test-method status="FAIL" signature="arquillianBeforeClass()[pri:0, instance:org.eclipse.microprofile.config.tck.broken.MissingValueOnInstanceInjectionTest@74650e52]" name="arquillianBeforeClass" is-config="true" duration-ms="0" started-at="2018-01-24T16:45:54Z" finished-at="2018-01-24T16:45:54Z">
          <exception class="java.lang.RuntimeException">
            <message>
              <![CDATA[Expected exception of type javax.enterprise.inject.spi.DeploymentException during deployment of _DEFAULT_, but no exception was thrown.]]>
            </message>
            <full-stacktrace>
[...]
              <![CDATA[expected [] but found [null]]]>
            </message>
            <full-stacktrace>
              <![CDATA[java.lang.AssertionError: expected [] but found [null]
	at org.testng.Assert.fail(Assert.java:94)
	at org.testng.Assert.failNotEquals(Assert.java:496)
	at org.testng.Assert.assertEquals(Assert.java:116)
	at org.testng.Assert.assertEquals(Assert.java:178)
	at org.testng.Assert.assertEquals(Assert.java:188)
	at org.eclipse.microprofile.config.tck.EmptyValuesTest.testEmptyStringPropertyFromConfigFile(EmptyValuesTest.java:77)
	at sun.reflect.NativeMethodAccessorImpl.invoke0(Native Method)
	at sun.reflect.NativeMethodAccessorImpl.invoke(NativeMethodAccessorImpl.java:62)
	at sun.reflect.DelegatingMethodAccessorImpl.invoke(DelegatingMethodAccessorImpl.java:43)
	at java.lang.reflect.Method.invoke(Method.java:498)
	at org.testng.internal.MethodInvocationHelper.invokeMethod(MethodInvocationHelper.java:85)
	at org.testng.internal.MethodInvocationHelper$1.runTestMethod(MethodInvocationHelper.java:196)
	at org.jboss.arquillian.testng.Arquillian$2.invoke(Arquillian.java:145)
	at org.jboss.arquillian.container.test.impl.execution.LocalTestExecuter.execute(LocalTestExecuter.java:57)
	at sun.reflect.GeneratedMethodAccessor16.invoke(Unknown Source)
	at sun.reflect.DelegatingMethodAccessorImpl.invoke(DelegatingMethodAccessorImpl.java:43)
	at java.lang.reflect.Method.invoke(Method.java:498)
	at org.jboss.arquillian.core.impl.ObserverImpl.invoke(ObserverImpl.java:86)
	at org.jboss.arquillian.core.impl.EventContextImpl.invokeObservers(EventContextImpl.java:103)
	at org.jboss.arquillian.core.impl.EventContextImpl.proceed(EventContextImpl.java:90)
	at org.jboss.arquillian.core.impl.ManagerImpl.fire(ManagerImpl.java:133)
	at org.jboss.arquillian.core.impl.ManagerImpl.fire(ManagerImpl.java:105)
	at org.jboss.arquillian.core.impl.EventImpl.fire(EventImpl.java:62)
	at org.jboss.arquillian.container.test.impl.client.protocol.local.LocalContainerMethodExecutor.invoke(LocalContainerMethodExecutor.java:48)
	at org.jboss.arquillian.container.test.impl.execution.RemoteTestExecuter.execute(RemoteTestExecuter.java:103)
	at sun.reflect.GeneratedMethodAccessor15.invoke(Unknown Source)
	at sun.reflect.DelegatingMethodAccessorImpl.invoke(DelegatingMethodAccessorImpl.java:43)
	at java.lang.reflect.Method.invoke(Method.java:498)
	at org.jboss.arquillian.core.impl.ObserverImpl.invoke(ObserverImpl.java:86)
	at org.jboss.arquillian.core.impl.EventContextImpl.invokeObservers(EventContextImpl.java:103)
	at org.jboss.arquillian.core.impl.EventContextImpl.proceed(EventContextImpl.java:90)
	at org.jboss.arquillian.core.impl.ManagerImpl.fire(ManagerImpl.java:133)
	at org.jboss.arquillian.core.impl.ManagerImpl.fire(ManagerImpl.java:105)
	at org.jboss.arquillian.core.impl.EventImpl.fire(EventImpl.java:62)
	at org.jboss.arquillian.container.test.impl.execution.ClientTestExecuter.execute(ClientTestExecuter.java:52)
	at sun.reflect.GeneratedMethodAccessor14.invoke(Unknown Source)
	at sun.reflect.DelegatingMethodAccessorImpl.invoke(DelegatingMethodAccessorImpl.java:43)
	at java.lang.reflect.Method.invoke(Method.java:498)
	at org.jboss.arquillian.core.impl.ObserverImpl.invoke(ObserverImpl.java:86)
	at org.jboss.arquillian.core.impl.EventContextImpl.invokeObservers(EventContextImpl.java:103)
	at org.jboss.arquillian.core.impl.EventContextImpl.proceed(EventContextImpl.java:90)
	at org.jboss.arquillian.container.test.impl.client.ContainerEventController.createContext(ContainerEventController.java:128)
	at org.jboss.arquillian.container.test.impl.client.ContainerEventController.createTestContext(ContainerEventController.java:118)
	at sun.reflect.GeneratedMethodAccessor13.invoke(Unknown Source)
	at sun.reflect.DelegatingMethodAccessorImpl.invoke(DelegatingMethodAccessorImpl.java:43)
	at java.lang.reflect.Method.invoke(Method.java:498)
	at org.jboss.arquillian.core.impl.ObserverImpl.invoke(ObserverImpl.java:86)
	at org.jboss.arquillian.core.impl.EventContextImpl.proceed(EventContextImpl.java:95)
	at org.jboss.arquillian.test.impl.TestContextHandler.createTestContext(TestContextHandler.java:116)
	at sun.reflect.GeneratedMethodAccessor5.invoke(Unknown Source)
	at sun.reflect.DelegatingMethodAccessorImpl.invoke(DelegatingMethodAccessorImpl.java:43)
	at java.lang.reflect.Method.invoke(Method.java:498)
	at org.jboss.arquillian.core.impl.ObserverImpl.invoke(ObserverImpl.java:86)
	at org.jboss.arquillian.core.impl.EventContextImpl.proceed(EventContextImpl.java:95)
	at org.jboss.arquillian.test.impl.TestContextHandler.createClassContext(TestContextHandler.java:83)
	at sun.reflect.GeneratedMethodAccessor4.invoke(Unknown Source)
	at sun.reflect.DelegatingMethodAccessorImpl.invoke(DelegatingMethodAccessorImpl.java:43)
	at java.lang.reflect.Method.invoke(Method.java:498)
	at org.jboss.arquillian.core.impl.ObserverImpl.invoke(ObserverImpl.java:86)
	at org.jboss.arquillian.core.impl.EventContextImpl.proceed(EventContextImpl.java:95)
	at org.jboss.arquillian.test.impl.TestContextHandler.createSuiteContext(TestContextHandler.java:69)
	at sun.reflect.GeneratedMethodAccessor3.invoke(Unknown Source)
	at sun.reflect.DelegatingMethodAccessorImpl.invoke(DelegatingMethodAccessorImpl.java:43)
	at java.lang.reflect.Method.invoke(Method.java:498)
	at org.jboss.arquillian.core.impl.ObserverImpl.invoke(ObserverImpl.java:86)
	at org.jboss.arquillian.core.impl.EventContextImpl.proceed(EventContextImpl.java:95)
	at org.jboss.arquillian.core.impl.ManagerImpl.fire(ManagerImpl.java:133)
	at org.jboss.arquillian.test.impl.EventTestRunnerAdaptor.test(EventTestRunnerAdaptor.java:122)
	at org.jboss.arquillian.testng.Arquillian.run(Arquillian.java:138)
	at org.testng.internal.MethodInvocationHelper.invokeHookable(MethodInvocationHelper.java:208)
	at org.testng.internal.Invoker.invokeMethod(Invoker.java:635)
	at org.testng.internal.Invoker.invokeTestMethod(Invoker.java:816)
	at org.testng.internal.Invoker.invokeTestMethods(Invoker.java:1124)
	at org.testng.internal.TestMethodWorker.invokeTestMethods(TestMethodWorker.java:125)
	at org.testng.internal.TestMethodWorker.run(TestMethodWorker.java:108)
	at org.testng.TestRunner.privateRun(TestRunner.java:774)
	at org.testng.TestRunner.run(TestRunner.java:624)
	at org.testng.SuiteRunner.runTest(SuiteRunner.java:359)
	at org.testng.SuiteRunner.runSequentially(SuiteRunner.java:354)
	at org.testng.SuiteRunner.privateRun(SuiteRunner.java:312)
	at org.testng.SuiteRunner.run(SuiteRunner.java:261)
	at org.testng.SuiteRunnerWorker.runSuite(SuiteRunnerWorker.java:52)
	at org.testng.SuiteRunnerWorker.run(SuiteRunnerWorker.java:86)
	at org.testng.TestNG.runSuitesSequentially(TestNG.java:1215)
	at org.testng.TestNG.runSuitesLocally(TestNG.java:1140)
	at org.testng.TestNG.run(TestNG.java:1048)
	at org.testng.remote.AbstractRemoteTestNG.run(AbstractRemoteTestNG.java:114)
	at org.testng.remote.RemoteTestNG.initAndRun(RemoteTestNG.java:251)
	at org.testng.remote.RemoteTestNG.main(RemoteTestNG.java:77)
]]>
            </full-stacktrace>
          </exception> <!-- java.lang.AssertionError -->
          <reporter-output>
          </reporter-output>
        </test-method> <!-- testEmptyStringPropertyFromConfigFile -->
        <test-method status="PASS" signature="arquillianAfterTest(java.lang.reflect.Method)[pri:0, instance:org.eclipse.microprofile.config.tck.EmptyValuesTest@5f282abb]" name="arquillianAfterTest" is-config="true" duration-ms="1" started-at="2018-01-24T16:45:54Z" finished-at="2018-01-24T16:45:54Z">
          <params>
            <param index="0">
              <value>
                <![CDATA[public void org.eclipse.microprofile.config.tck.EmptyValuesTest.testEmptyStringPropertyFromConfigFile()]]>
              </value>
            </param>
          </params>
          <reporter-output>
          </reporter-output>
        </test-method> <!-- arquillianAfterTest -->
        <test-method status="PASS" signature="arquillianBeforeTest(java.lang.reflect.Method)[pri:0, instance:org.eclipse.microprofile.config.tck.EmptyValuesTest@5f282abb]" name="arquillianBeforeTest" is-config="true" duration-ms="2" started-at="2018-01-24T16:45:54Z" finished-at="2018-01-24T16:45:54Z">
          <params>
            <param index="0">
              <value>
                <![CDATA[public void org.eclipse.microprofile.config.tck.EmptyValuesTest.testEmptyStringValues()]]>
              </value>
            </param>
          </params>
          <reporter-output>
          </reporter-output>
        </test-method> <!-- arquillianBeforeTest -->
        <test-method status="PASS" signature="testEmptyStringValues()[pri:0, instance:org.eclipse.microprofile.config.tck.EmptyValuesTest@5f282abb]" name="testEmptyStringValues" duration-ms="6" started-at="2018-01-24T16:45:54Z" finished-at="2018-01-24T16:45:54Z">
          <reporter-output>
          </reporter-output>
        </test-method> <!-- testEmptyStringValues -->
        <test-method status="PASS" signature="arquillianAfterTest(java.lang.reflect.Method)[pri:0, instance:org.eclipse.microprofile.config.tck.EmptyValuesTest@5f282abb]" name="arquillianAfterTest" is-config="true" duration-ms="1" started-at="2018-01-24T16:45:54Z" finished-at="2018-01-24T16:45:54Z">
          <params>
            <param index="0">
              <value>
                <![CDATA[public void org.eclipse.microprofile.config.tck.EmptyValuesTest.testEmptyStringValues()]]>
              </value>
            </param>
          </params>
          <reporter-output>
          </reporter-output>
        </test-method> <!-- arquillianAfterTest -->
        <test-method status="PASS" signature="arquillianAfterClass()[pri:0, instance:org.eclipse.microprofile.config.tck.EmptyValuesTest@5f282abb]" name="arquillianAfterClass" is-config="true" duration-ms="5" started-at="2018-01-24T16:45:54Z" finished-at="2018-01-24T16:45:54Z">
          <reporter-output>
          </reporter-output>
        </test-method> <!-- arquillianAfterClass -->
      </class> <!-- org.eclipse.microprofile.config.tck.EmptyValuesTest -->
      <class name="org.eclipse.microprofile.config.tck.CdiOptionalInjectionTest">
        <test-method status="PASS" signature="arquillianBeforeClass()[pri:0, instance:org.eclipse.microprofile.config.tck.CdiOptionalInjectionTest@53f65459]" name="arquillianBeforeClass" is-config="true" duration-ms="57" started-at="2018-01-24T16:45:53Z" finished-at="2018-01-24T16:45:53Z">
          <reporter-output>
          </reporter-output>
        </test-method> <!-- arquillianBeforeClass -->
        <test-method status="PASS" signature="arquillianBeforeTest(java.lang.reflect.Method)[pri:0, instance:org.eclipse.microprofile.config.tck.CdiOptionalInjectionTest@53f65459]" name="arquillianBeforeTest" is-config="true" duration-ms="22" started-at="2018-01-24T16:45:53Z" finished-at="2018-01-24T16:45:53Z">
          <params>
            <param index="0">
              <value>
                <![CDATA[public void org.eclipse.microprofile.config.tck.CdiOptionalInjectionTest.testOptionalInjection()]]>
              </value>
            </param>
          </params>
          <reporter-output>
          </reporter-output>
        </test-method> <!-- arquillianBeforeTest -->
        <test-method status="FAIL" signature="testOptionalInjection()[pri:0, instance:org.eclipse.microprofile.config.tck.CdiOptionalInjectionTest@53f65459]" name="testOptionalInjection" duration-ms="3" started-at="2018-01-24T16:45:53Z" finished-at="2018-01-24T16:45:53Z">
          <exception class="java.lang.AssertionError">
            <message>
              <![CDATA[expected [true] but found [false]]]>
            </message>
            <full-stacktrace>
              <![CDATA[java.lang.AssertionError: expected [true] but found [false]
	at org.testng.Assert.fail(Assert.java:94)
	at org.testng.Assert.failNotEquals(Assert.java:496)
	at org.testng.Assert.assertTrue(Assert.java:42)
	at org.testng.Assert.assertTrue(Assert.java:52)
	at org.eclipse.microprofile.config.tck.CdiOptionalInjectionTest.testOptionalInjection(CdiOptionalInjectionTest.java:62)
	at sun.reflect.NativeMethodAccessorImpl.invoke0(Native Method)
	at sun.reflect.NativeMethodAccessorImpl.invoke(NativeMethodAccessorImpl.java:62)
	at sun.reflect.DelegatingMethodAccessorImpl.invoke(DelegatingMethodAccessorImpl.java:43)
	at java.lang.reflect.Method.invoke(Method.java:498)
	at org.testng.internal.MethodInvocationHelper.invokeMethod(MethodInvocationHelper.java:85)
	at org.testng.internal.MethodInvocationHelper$1.runTestMethod(MethodInvocationHelper.java:196)
	at org.jboss.arquillian.testng.Arquillian$2.invoke(Arquillian.java:145)
	at org.jboss.arquillian.container.test.impl.execution.LocalTestExecuter.execute(LocalTestExecuter.java:57)
	at sun.reflect.GeneratedMethodAccessor16.invoke(Unknown Source)
	at sun.reflect.DelegatingMethodAccessorImpl.invoke(DelegatingMethodAccessorImpl.java:43)
	at java.lang.reflect.Method.invoke(Method.java:498)
	at org.jboss.arquillian.core.impl.ObserverImpl.invoke(ObserverImpl.java:86)
	at org.jboss.arquillian.core.impl.EventContextImpl.invokeObservers(EventContextImpl.java:103)
	at org.jboss.arquillian.core.impl.EventContextImpl.proceed(EventContextImpl.java:90)
	at org.jboss.arquillian.core.impl.ManagerImpl.fire(ManagerImpl.java:133)
	at org.jboss.arquillian.core.impl.ManagerImpl.fire(ManagerImpl.java:105)
	at org.jboss.arquillian.core.impl.EventImpl.fire(EventImpl.java:62)
	at org.jboss.arquillian.container.test.impl.client.protocol.local.LocalContainerMethodExecutor.invoke(LocalContainerMethodExecutor.java:48)
	at org.jboss.arquillian.container.test.impl.execution.RemoteTestExecuter.execute(RemoteTestExecuter.java:103)
	at sun.reflect.GeneratedMethodAccessor15.invoke(Unknown Source)
	at sun.reflect.DelegatingMethodAccessorImpl.invoke(DelegatingMethodAccessorImpl.java:43)
	at java.lang.reflect.Method.invoke(Method.java:498)
	at org.jboss.arquillian.core.impl.ObserverImpl.invoke(ObserverImpl.java:86)
	at org.jboss.arquillian.core.impl.EventContextImpl.invokeObservers(EventContextImpl.java:103)
	at org.jboss.arquillian.core.impl.EventContextImpl.proceed(EventContextImpl.java:90)
	at org.jboss.arquillian.core.impl.ManagerImpl.fire(ManagerImpl.java:133)
	at org.jboss.arquillian.core.impl.ManagerImpl.fire(ManagerImpl.java:105)
	at org.jboss.arquillian.core.impl.EventImpl.fire(EventImpl.java:62)
	at org.jboss.arquillian.container.test.impl.execution.ClientTestExecuter.execute(ClientTestExecuter.java:52)
	at sun.reflect.GeneratedMethodAccessor14.invoke(Unknown Source)
	at sun.reflect.DelegatingMethodAccessorImpl.invoke(DelegatingMethodAccessorImpl.java:43)
	at java.lang.reflect.Method.invoke(Method.java:498)
	at org.jboss.arquillian.core.impl.ObserverImpl.invoke(ObserverImpl.java:86)
	at org.jboss.arquillian.core.impl.EventContextImpl.invokeObservers(EventContextImpl.java:103)
	at org.jboss.arquillian.core.impl.EventContextImpl.proceed(EventContextImpl.java:90)
	at org.jboss.arquillian.container.test.impl.client.ContainerEventController.createContext(ContainerEventController.java:128)
	at org.jboss.arquillian.container.test.impl.client.ContainerEventController.createTestContext(ContainerEventController.java:118)
	at sun.reflect.GeneratedMethodAccessor13.invoke(Unknown Source)
	at sun.reflect.DelegatingMethodAccessorImpl.invoke(DelegatingMethodAccessorImpl.java:43)
	at java.lang.reflect.Method.invoke(Method.java:498)
	at org.jboss.arquillian.core.impl.ObserverImpl.invoke(ObserverImpl.java:86)
	at org.jboss.arquillian.core.impl.EventContextImpl.proceed(EventContextImpl.java:95)
	at org.jboss.arquillian.test.impl.TestContextHandler.createTestContext(TestContextHandler.java:116)
	at sun.reflect.GeneratedMethodAccessor5.invoke(Unknown Source)
	at sun.reflect.DelegatingMethodAccessorImpl.invoke(DelegatingMethodAccessorImpl.java:43)
	at java.lang.reflect.Method.invoke(Method.java:498)
	at org.jboss.arquillian.core.impl.ObserverImpl.invoke(ObserverImpl.java:86)
	at org.jboss.arquillian.core.impl.EventContextImpl.proceed(EventContextImpl.java:95)
	at org.jboss.arquillian.test.impl.TestContextHandler.createClassContext(TestContextHandler.java:83)
	at sun.reflect.GeneratedMethodAccessor4.invoke(Unknown Source)
	at sun.reflect.DelegatingMethodAccessorImpl.invoke(DelegatingMethodAccessorImpl.java:43)
	at java.lang.reflect.Method.invoke(Method.java:498)
	at org.jboss.arquillian.core.impl.ObserverImpl.invoke(ObserverImpl.java:86)
	at org.jboss.arquillian.core.impl.EventContextImpl.proceed(EventContextImpl.java:95)
	at org.jboss.arquillian.test.impl.TestContextHandler.createSuiteContext(TestContextHandler.java:69)
	at sun.reflect.GeneratedMethodAccessor3.invoke(Unknown Source)
	at sun.reflect.DelegatingMethodAccessorImpl.invoke(DelegatingMethodAccessorImpl.java:43)
	at java.lang.reflect.Method.invoke(Method.java:498)
	at org.jboss.arquillian.core.impl.ObserverImpl.invoke(ObserverImpl.java:86)
	at org.jboss.arquillian.core.impl.EventContextImpl.proceed(EventContextImpl.java:95)
	at org.jboss.arquillian.core.impl.ManagerImpl.fire(ManagerImpl.java:133)
	at org.jboss.arquillian.test.impl.EventTestRunnerAdaptor.test(EventTestRunnerAdaptor.java:122)
	at org.jboss.arquillian.testng.Arquillian.run(Arquillian.java:138)
	at org.testng.internal.MethodInvocationHelper.invokeHookable(MethodInvocationHelper.java:208)
	at org.testng.internal.Invoker.invokeMethod(Invoker.java:635)
	at org.testng.internal.Invoker.invokeTestMethod(Invoker.java:816)
	at org.testng.internal.Invoker.invokeTestMethods(Invoker.java:1124)
	at org.testng.internal.TestMethodWorker.invokeTestMethods(TestMethodWorker.java:125)
	at org.testng.internal.TestMethodWorker.run(TestMethodWorker.java:108)
	at org.testng.TestRunner.privateRun(TestRunner.java:774)
	at org.testng.TestRunner.run(TestRunner.java:624)
	at org.testng.SuiteRunner.runTest(SuiteRunner.java:359)
	at org.testng.SuiteRunner.runSequentially(SuiteRunner.java:354)
	at org.testng.SuiteRunner.privateRun(SuiteRunner.java:312)
	at org.testng.SuiteRunner.run(SuiteRunner.java:261)
	at org.testng.SuiteRunnerWorker.runSuite(SuiteRunnerWorker.java:52)
	at org.testng.SuiteRunnerWorker.run(SuiteRunnerWorker.java:86)
	at org.testng.TestNG.runSuitesSequentially(TestNG.java:1215)
	at org.testng.TestNG.runSuitesLocally(TestNG.java:1140)
	at org.testng.TestNG.run(TestNG.java:1048)
	at org.testng.remote.AbstractRemoteTestNG.run(AbstractRemoteTestNG.java:114)
	at org.testng.remote.RemoteTestNG.initAndRun(RemoteTestNG.java:251)
	at org.testng.remote.RemoteTestNG.main(RemoteTestNG.java:77)
]]>
            </full-stacktrace>
          </exception> <!-- java.lang.AssertionError -->
          <reporter-output>
          </reporter-output>
        </test-method> <!-- testOptionalInjection -->
        <test-method status="PASS" signature="arquillianAfterTest(java.lang.reflect.Method)[pri:0, instance:org.eclipse.microprofile.config.tck.CdiOptionalInjectionTest@53f65459]" name="arquillianAfterTest" is-config="true" duration-ms="1" started-at="2018-01-24T16:45:53Z" finished-at="2018-01-24T16:45:53Z">
          <params>
            <param index="0">
              <value>
                <![CDATA[public void org.eclipse.microprofile.config.tck.CdiOptionalInjectionTest.testOptionalInjection()]]>
              </value>
            </param>
          </params>
          <reporter-output>
          </reporter-output>
        </test-method> <!-- arquillianAfterTest -->
        <test-method status="PASS" signature="arquillianAfterClass()[pri:0, instance:org.eclipse.microprofile.config.tck.CdiOptionalInjectionTest@53f65459]" name="arquillianAfterClass" is-config="true" duration-ms="3" started-at="2018-01-24T16:45:53Z" finished-at="2018-01-24T16:45:53Z">
          <reporter-output>
          </reporter-output>
        </test-method> <!-- arquillianAfterClass -->
      </class> <!-- org.eclipse.microprofile.config.tck.CdiOptionalInjectionTest -->
    </test> <!-- Microprofile Config TCK -->
  </suite> <!-- MicroProfile-Config-TCK -->
</testng-results>
